CRITICAL - 2022-04-30 00:17:18 --> Call to a member function findAll() on null
#0 C:\xampp\htdocs\simidisko\system\CodeIgniter.php(832): App\Controllers\Kategori->index()
#1 C:\xampp\htdocs\simidisko\system\CodeIgniter.php(419): CodeIgniter\CodeIgniter->runController(Object(App\Controllers\Kategori))
#2 C:\xampp\htdocs\simidisko\system\CodeIgniter.php(326): CodeIgniter\CodeIgniter->handleRequest(NULL, Object(Config\Cache), false)
#3 C:\xampp\htdocs\simidisko\public\index.php(37): CodeIgniter\CodeIgniter->run()
#4 C:\xampp\htdocs\simidisko\system\Commands\Server\rewrite.php(43): require_once('C:\\xampp\\htdocs...')
#5 {main}
CRITICAL - 2022-04-30 00:18:02 --> Call to a member function findAll() on null
#0 C:\xampp\htdocs\simidisko\system\CodeIgniter.php(832): App\Controllers\Kategori->index()
#1 C:\xampp\htdocs\simidisko\system\CodeIgniter.php(419): CodeIgniter\CodeIgniter->runController(Object(App\Controllers\Kategori))
#2 C:\xampp\htdocs\simidisko\system\CodeIgniter.php(326): CodeIgniter\CodeIgniter->handleRequest(NULL, Object(Config\Cache), false)
#3 C:\xampp\htdocs\simidisko\public\index.php(37): CodeIgniter\CodeIgniter->run()
#4 C:\xampp\htdocs\simidisko\system\Commands\Server\rewrite.php(43): require_once('C:\\xampp\\htdocs...')
#5 {main}
CRITICAL - 2022-04-30 00:18:03 --> Call to a member function findAll() on null
#0 C:\xampp\htdocs\simidisko\system\CodeIgniter.php(832): App\Controllers\Kategori->index()
#1 C:\xampp\htdocs\simidisko\system\CodeIgniter.php(419): CodeIgniter\CodeIgniter->runController(Object(App\Controllers\Kategori))
#2 C:\xampp\htdocs\simidisko\system\CodeIgniter.php(326): CodeIgniter\CodeIgniter->handleRequest(NULL, Object(Config\Cache), false)
#3 C:\xampp\htdocs\simidisko\public\index.php(37): CodeIgniter\CodeIgniter->run()
#4 C:\xampp\htdocs\simidisko\system\Commands\Server\rewrite.php(43): require_once('C:\\xampp\\htdocs...')
#5 {main}
CRITICAL - 2022-04-30 00:19:24 --> Call to a member function findAll() on null
#0 C:\xampp\htdocs\simidisko\system\CodeIgniter.php(832): App\Controllers\Kategori->index()
#1 C:\xampp\htdocs\simidisko\system\CodeIgniter.php(419): CodeIgniter\CodeIgniter->runController(Object(App\Controllers\Kategori))
#2 C:\xampp\htdocs\simidisko\system\CodeIgniter.php(326): CodeIgniter\CodeIgniter->handleRequest(NULL, Object(Config\Cache), false)
#3 C:\xampp\htdocs\simidisko\public\index.php(37): CodeIgniter\CodeIgniter->run()
#4 C:\xampp\htdocs\simidisko\system\Commands\Server\rewrite.php(43): require_once('C:\\xampp\\htdocs...')
#5 {main}
CRITICAL - 2022-04-30 00:19:51 --> Call to a member function findAll() on null
#0 C:\xampp\htdocs\simidisko\system\CodeIgniter.php(832): App\Controllers\Kategori->index()
#1 C:\xampp\htdocs\simidisko\system\CodeIgniter.php(419): CodeIgniter\CodeIgniter->runController(Object(App\Controllers\Kategori))
#2 C:\xampp\htdocs\simidisko\system\CodeIgniter.php(326): CodeIgniter\CodeIgniter->handleRequest(NULL, Object(Config\Cache), false)
#3 C:\xampp\htdocs\simidisko\public\index.php(37): CodeIgniter\CodeIgniter->run()
#4 C:\xampp\htdocs\simidisko\system\Commands\Server\rewrite.php(43): require_once('C:\\xampp\\htdocs...')
#5 {main}
CRITICAL - 2022-04-30 00:19:52 --> Call to a member function findAll() on null
#0 C:\xampp\htdocs\simidisko\system\CodeIgniter.php(832): App\Controllers\Kategori->index()
#1 C:\xampp\htdocs\simidisko\system\CodeIgniter.php(419): CodeIgniter\CodeIgniter->runController(Object(App\Controllers\Kategori))
#2 C:\xampp\htdocs\simidisko\system\CodeIgniter.php(326): CodeIgniter\CodeIgniter->handleRequest(NULL, Object(Config\Cache), false)
#3 C:\xampp\htdocs\simidisko\public\index.php(37): CodeIgniter\CodeIgniter->run()
#4 C:\xampp\htdocs\simidisko\system\Commands\Server\rewrite.php(43): require_once('C:\\xampp\\htdocs...')
#5 {main}
CRITICAL - 2022-04-30 00:19:53 --> Call to a member function findAll() on null
#0 C:\xampp\htdocs\simidisko\system\CodeIgniter.php(832): App\Controllers\Kategori->index()
#1 C:\xampp\htdocs\simidisko\system\CodeIgniter.php(419): CodeIgniter\CodeIgniter->runController(Object(App\Controllers\Kategori))
#2 C:\xampp\htdocs\simidisko\system\CodeIgniter.php(326): CodeIgniter\CodeIgniter->handleRequest(NULL, Object(Config\Cache), false)
#3 C:\xampp\htdocs\simidisko\public\index.php(37): CodeIgniter\CodeIgniter->run()
#4 C:\xampp\htdocs\simidisko\system\Commands\Server\rewrite.php(43): require_once('C:\\xampp\\htdocs...')
#5 {main}
CRITICAL - 2022-04-30 00:20:21 --> Call to a member function findAll() on null
#0 C:\xampp\htdocs\simidisko\system\CodeIgniter.php(832): App\Controllers\Kategori->index()
#1 C:\xampp\htdocs\simidisko\system\CodeIgniter.php(419): CodeIgniter\CodeIgniter->runController(Object(App\Controllers\Kategori))
#2 C:\xampp\htdocs\simidisko\system\CodeIgniter.php(326): CodeIgniter\CodeIgniter->handleRequest(NULL, Object(Config\Cache), false)
#3 C:\xampp\htdocs\simidisko\public\index.php(37): CodeIgniter\CodeIgniter->run()
#4 C:\xampp\htdocs\simidisko\system\Commands\Server\rewrite.php(43): require_once('C:\\xampp\\htdocs...')
#5 {main}
CRITICAL - 2022-04-30 00:20:23 --> Call to a member function findAll() on null
#0 C:\xampp\htdocs\simidisko\system\CodeIgniter.php(832): App\Controllers\Kategori->index()
#1 C:\xampp\htdocs\simidisko\system\CodeIgniter.php(419): CodeIgniter\CodeIgniter->runController(Object(App\Controllers\Kategori))
#2 C:\xampp\htdocs\simidisko\system\CodeIgniter.php(326): CodeIgniter\CodeIgniter->handleRequest(NULL, Object(Config\Cache), false)
#3 C:\xampp\htdocs\simidisko\public\index.php(37): CodeIgniter\CodeIgniter->run()
#4 C:\xampp\htdocs\simidisko\system\Commands\Server\rewrite.php(43): require_once('C:\\xampp\\htdocs...')
#5 {main}
CRITICAL - 2022-04-30 00:24:12 --> Call to a member function findAll() on null
#0 C:\xampp\htdocs\simidisko\system\CodeIgniter.php(832): App\Controllers\Kategori->index()
#1 C:\xampp\htdocs\simidisko\system\CodeIgniter.php(419): CodeIgniter\CodeIgniter->runController(Object(App\Controllers\Kategori))
#2 C:\xampp\htdocs\simidisko\system\CodeIgniter.php(326): CodeIgniter\CodeIgniter->handleRequest(NULL, Object(Config\Cache), false)
#3 C:\xampp\htdocs\simidisko\public\index.php(37): CodeIgniter\CodeIgniter->run()
#4 C:\xampp\htdocs\simidisko\system\Commands\Server\rewrite.php(43): require_once('C:\\xampp\\htdocs...')
#5 {main}
CRITICAL - 2022-04-30 00:24:13 --> Call to a member function findAll() on null
#0 C:\xampp\htdocs\simidisko\system\CodeIgniter.php(832): App\Controllers\Kategori->index()
#1 C:\xampp\htdocs\simidisko\system\CodeIgniter.php(419): CodeIgniter\CodeIgniter->runController(Object(App\Controllers\Kategori))
#2 C:\xampp\htdocs\simidisko\system\CodeIgniter.php(326): CodeIgniter\CodeIgniter->handleRequest(NULL, Object(Config\Cache), false)
#3 C:\xampp\htdocs\simidisko\public\index.php(37): CodeIgniter\CodeIgniter->run()
#4 C:\xampp\htdocs\simidisko\system\Commands\Server\rewrite.php(43): require_once('C:\\xampp\\htdocs...')
#5 {main}
CRITICAL - 2022-04-30 00:24:20 --> Call to a member function findAll() on null
#0 C:\xampp\htdocs\simidisko\system\CodeIgniter.php(832): App\Controllers\Kategori->index()
#1 C:\xampp\htdocs\simidisko\system\CodeIgniter.php(419): CodeIgniter\CodeIgniter->runController(Object(App\Controllers\Kategori))
#2 C:\xampp\htdocs\simidisko\system\CodeIgniter.php(326): CodeIgniter\CodeIgniter->handleRequest(NULL, Object(Config\Cache), false)
#3 C:\xampp\htdocs\simidisko\public\index.php(37): CodeIgniter\CodeIgniter->run()
#4 C:\xampp\htdocs\simidisko\system\Commands\Server\rewrite.php(43): require_once('C:\\xampp\\htdocs...')
#5 {main}
CRITICAL - 2022-04-30 00:24:29 --> Undefined property: App\Controllers\Kategori::$kategori
#0 C:\xampp\htdocs\simidisko\app\Controllers\Kategori.php(20): CodeIgniter\Debug\Exceptions->errorHandler(8, 'Undefined prope...', 'C:\\xampp\\htdocs...', 20, Array)
#1 C:\xampp\htdocs\simidisko\system\CodeIgniter.php(832): App\Controllers\Kategori->index()
#2 C:\xampp\htdocs\simidisko\system\CodeIgniter.php(419): CodeIgniter\CodeIgniter->runController(Object(App\Controllers\Kategori))
#3 C:\xampp\htdocs\simidisko\system\CodeIgniter.php(326): CodeIgniter\CodeIgniter->handleRequest(NULL, Object(Config\Cache), false)
#4 C:\xampp\htdocs\simidisko\public\index.php(37): CodeIgniter\CodeIgniter->run()
#5 C:\xampp\htdocs\simidisko\system\Commands\Server\rewrite.php(43): require_once('C:\\xampp\\htdocs...')
#6 {main}
CRITICAL - 2022-04-30 07:51:06 --> Nama Kategori is not a valid rule.
#0 C:\xampp\htdocs\simidisko\system\Validation\Validation.php(300): CodeIgniter\Validation\Exceptions\ValidationException::forRuleNotFound('Nama Kategori')
#1 C:\xampp\htdocs\simidisko\system\Validation\Validation.php(157): CodeIgniter\Validation\Validation->processRules('namakategori', 'Nama Kategori', 'AUDIO', Array, Array)
#2 C:\xampp\htdocs\simidisko\system\Controller.php(160): CodeIgniter\Validation\Validation->run()
#3 C:\xampp\htdocs\simidisko\app\Controllers\Kategori.php(36): CodeIgniter\Controller->validate(Array)
#4 C:\xampp\htdocs\simidisko\system\CodeIgniter.php(832): App\Controllers\Kategori->addprosess()
#5 C:\xampp\htdocs\simidisko\system\CodeIgniter.php(419): CodeIgniter\CodeIgniter->runController(Object(App\Controllers\Kategori))
#6 C:\xampp\htdocs\simidisko\system\CodeIgniter.php(326): CodeIgniter\CodeIgniter->handleRequest(NULL, Object(Config\Cache), false)
#7 C:\xampp\htdocs\simidisko\public\index.php(37): CodeIgniter\CodeIgniter->run()
#8 C:\xampp\htdocs\simidisko\system\Commands\Server\rewrite.php(43): require_once('C:\\xampp\\htdocs...')
#9 {main}
CRITICAL - 2022-04-30 07:57:55 --> Nama Kategori is not a valid rule.
#0 C:\xampp\htdocs\simidisko\system\Validation\Validation.php(300): CodeIgniter\Validation\Exceptions\ValidationException::forRuleNotFound('Nama Kategori')
#1 C:\xampp\htdocs\simidisko\system\Validation\Validation.php(157): CodeIgniter\Validation\Validation->processRules('namakategori', 'Nama Kategori', 'AUDIO', Array, Array)
#2 C:\xampp\htdocs\simidisko\system\Controller.php(160): CodeIgniter\Validation\Validation->run()
#3 C:\xampp\htdocs\simidisko\app\Controllers\Kategori.php(36): CodeIgniter\Controller->validate(Array)
#4 C:\xampp\htdocs\simidisko\system\CodeIgniter.php(832): App\Controllers\Kategori->addprosess()
#5 C:\xampp\htdocs\simidisko\system\CodeIgniter.php(419): CodeIgniter\CodeIgniter->runController(Object(App\Controllers\Kategori))
#6 C:\xampp\htdocs\simidisko\system\CodeIgniter.php(326): CodeIgniter\CodeIgniter->handleRequest(NULL, Object(Config\Cache), false)
#7 C:\xampp\htdocs\simidisko\public\index.php(37): CodeIgniter\CodeIgniter->run()
#8 C:\xampp\htdocs\simidisko\system\Commands\Server\rewrite.php(43): require_once('C:\\xampp\\htdocs...')
#9 {main}
CRITICAL - 2022-04-30 08:01:30 --> Nama Kategori is not a valid rule.
#0 C:\xampp\htdocs\simidisko\system\Validation\Validation.php(300): CodeIgniter\Validation\Exceptions\ValidationException::forRuleNotFound('Nama Kategori')
#1 C:\xampp\htdocs\simidisko\system\Validation\Validation.php(157): CodeIgniter\Validation\Validation->processRules('namakategori', 'Nama Kategori', 'AUDIO', Array, Array)
#2 C:\xampp\htdocs\simidisko\system\Controller.php(160): CodeIgniter\Validation\Validation->run()
#3 C:\xampp\htdocs\simidisko\app\Controllers\Kategori.php(36): CodeIgniter\Controller->validate(Array)
#4 C:\xampp\htdocs\simidisko\system\CodeIgniter.php(832): App\Controllers\Kategori->addprosess()
#5 C:\xampp\htdocs\simidisko\system\CodeIgniter.php(419): CodeIgniter\CodeIgniter->runController(Object(App\Controllers\Kategori))
#6 C:\xampp\htdocs\simidisko\system\CodeIgniter.php(326): CodeIgniter\CodeIgniter->handleRequest(NULL, Object(Config\Cache), false)
#7 C:\xampp\htdocs\simidisko\public\index.php(37): CodeIgniter\CodeIgniter->run()
#8 C:\xampp\htdocs\simidisko\system\Commands\Server\rewrite.php(43): require_once('C:\\xampp\\htdocs...')
#9 {main}
CRITICAL - 2022-04-30 08:05:04 --> Nama Kategori is not a valid rule.
#0 C:\xampp\htdocs\simidisko\system\Validation\Validation.php(300): CodeIgniter\Validation\Exceptions\ValidationException::forRuleNotFound('Nama Kategori')
#1 C:\xampp\htdocs\simidisko\system\Validation\Validation.php(157): CodeIgniter\Validation\Validation->processRules('namakategori', 'Nama Kategori', 'AUDIO', Array, Array)
#2 C:\xampp\htdocs\simidisko\system\Controller.php(160): CodeIgniter\Validation\Validation->run()
#3 C:\xampp\htdocs\simidisko\app\Controllers\Kategori.php(38): CodeIgniter\Controller->validate(Array)
#4 C:\xampp\htdocs\simidisko\system\CodeIgniter.php(832): App\Controllers\Kategori->addprosess()
#5 C:\xampp\htdocs\simidisko\system\CodeIgniter.php(419): CodeIgniter\CodeIgniter->runController(Object(App\Controllers\Kategori))
#6 C:\xampp\htdocs\simidisko\system\CodeIgniter.php(326): CodeIgniter\CodeIgniter->handleRequest(NULL, Object(Config\Cache), false)
#7 C:\xampp\htdocs\simidisko\public\index.php(37): CodeIgniter\CodeIgniter->run()
#8 C:\xampp\htdocs\simidisko\system\Commands\Server\rewrite.php(43): require_once('C:\\xampp\\htdocs...')
#9 {main}
CRITICAL - 2022-04-30 08:06:18 --> Nama Kategori is not a valid rule.
#0 C:\xampp\htdocs\simidisko\system\Validation\Validation.php(300): CodeIgniter\Validation\Exceptions\ValidationException::forRuleNotFound('Nama Kategori')
#1 C:\xampp\htdocs\simidisko\system\Validation\Validation.php(157): CodeIgniter\Validation\Validation->processRules('namakategori', 'Nama Kategori', 'AUDIO', Array, Array)
#2 C:\xampp\htdocs\simidisko\system\Controller.php(160): CodeIgniter\Validation\Validation->run()
#3 C:\xampp\htdocs\simidisko\app\Controllers\Kategori.php(38): CodeIgniter\Controller->validate(Array)
#4 C:\xampp\htdocs\simidisko\system\CodeIgniter.php(832): App\Controllers\Kategori->addprosess()
#5 C:\xampp\htdocs\simidisko\system\CodeIgniter.php(419): CodeIgniter\CodeIgniter->runController(Object(App\Controllers\Kategori))
#6 C:\xampp\htdocs\simidisko\system\CodeIgniter.php(326): CodeIgniter\CodeIgniter->handleRequest(NULL, Object(Config\Cache), false)
#7 C:\xampp\htdocs\simidisko\public\index.php(37): CodeIgniter\CodeIgniter->run()
#8 C:\xampp\htdocs\simidisko\system\Commands\Server\rewrite.php(43): require_once('C:\\xampp\\htdocs...')
#9 {main}
CRITICAL - 2022-04-30 08:11:43 --> Nama Kategori is not a valid rule.
#0 C:\xampp\htdocs\simidisko\system\Validation\Validation.php(300): CodeIgniter\Validation\Exceptions\ValidationException::forRuleNotFound('Nama Kategori')
#1 C:\xampp\htdocs\simidisko\system\Validation\Validation.php(157): CodeIgniter\Validation\Validation->processRules('namakategori', 'Nama Kategori', 'AUDIO', Array, Array)
#2 C:\xampp\htdocs\simidisko\system\Controller.php(160): CodeIgniter\Validation\Validation->run()
#3 C:\xampp\htdocs\simidisko\app\Controllers\Kategori.php(38): CodeIgniter\Controller->validate(Array)
#4 C:\xampp\htdocs\simidisko\system\CodeIgniter.php(832): App\Controllers\Kategori->addprosess()
#5 C:\xampp\htdocs\simidisko\system\CodeIgniter.php(419): CodeIgniter\CodeIgniter->runController(Object(App\Controllers\Kategori))
#6 C:\xampp\htdocs\simidisko\system\CodeIgniter.php(326): CodeIgniter\CodeIgniter->handleRequest(NULL, Object(Config\Cache), false)
#7 C:\xampp\htdocs\simidisko\public\index.php(37): CodeIgniter\CodeIgniter->run()
#8 C:\xampp\htdocs\simidisko\system\Commands\Server\rewrite.php(43): require_once('C:\\xampp\\htdocs...')
#9 {main}
CRITICAL - 2022-04-30 08:12:01 --> Nama Kategori is not a valid rule.
#0 C:\xampp\htdocs\simidisko\system\Validation\Validation.php(300): CodeIgniter\Validation\Exceptions\ValidationException::forRuleNotFound('Nama Kategori')
#1 C:\xampp\htdocs\simidisko\system\Validation\Validation.php(157): CodeIgniter\Validation\Validation->processRules('namakategori', 'Nama Kategori', 're', Array, Array)
#2 C:\xampp\htdocs\simidisko\system\Controller.php(160): CodeIgniter\Validation\Validation->run()
#3 C:\xampp\htdocs\simidisko\app\Controllers\Kategori.php(38): CodeIgniter\Controller->validate(Array)
#4 C:\xampp\htdocs\simidisko\system\CodeIgniter.php(832): App\Controllers\Kategori->addprosess()
#5 C:\xampp\htdocs\simidisko\system\CodeIgniter.php(419): CodeIgniter\CodeIgniter->runController(Object(App\Controllers\Kategori))
#6 C:\xampp\htdocs\simidisko\system\CodeIgniter.php(326): CodeIgniter\CodeIgniter->handleRequest(NULL, Object(Config\Cache), false)
#7 C:\xampp\htdocs\simidisko\public\index.php(37): CodeIgniter\CodeIgniter->run()
#8 C:\xampp\htdocs\simidisko\system\Commands\Server\rewrite.php(43): require_once('C:\\xampp\\htdocs...')
#9 {main}
CRITICAL - 2022-04-30 08:13:28 --> Nama Kategori is not a valid rule.
#0 C:\xampp\htdocs\simidisko\system\Validation\Validation.php(300): CodeIgniter\Validation\Exceptions\ValidationException::forRuleNotFound('Nama Kategori')
#1 C:\xampp\htdocs\simidisko\system\Validation\Validation.php(157): CodeIgniter\Validation\Validation->processRules('namakategori', 'Nama Kategori', 're', Array, Array)
#2 C:\xampp\htdocs\simidisko\system\Controller.php(160): CodeIgniter\Validation\Validation->run()
#3 C:\xampp\htdocs\simidisko\app\Controllers\Kategori.php(38): CodeIgniter\Controller->validate(Array)
#4 C:\xampp\htdocs\simidisko\system\CodeIgniter.php(832): App\Controllers\Kategori->addprosess()
#5 C:\xampp\htdocs\simidisko\system\CodeIgniter.php(419): CodeIgniter\CodeIgniter->runController(Object(App\Controllers\Kategori))
#6 C:\xampp\htdocs\simidisko\system\CodeIgniter.php(326): CodeIgniter\CodeIgniter->handleRequest(NULL, Object(Config\Cache), false)
#7 C:\xampp\htdocs\simidisko\public\index.php(37): CodeIgniter\CodeIgniter->run()
#8 C:\xampp\htdocs\simidisko\system\Commands\Server\rewrite.php(43): require_once('C:\\xampp\\htdocs...')
#9 {main}
CRITICAL - 2022-04-30 08:13:31 --> Nama Kategori is not a valid rule.
#0 C:\xampp\htdocs\simidisko\system\Validation\Validation.php(300): CodeIgniter\Validation\Exceptions\ValidationException::forRuleNotFound('Nama Kategori')
#1 C:\xampp\htdocs\simidisko\system\Validation\Validation.php(157): CodeIgniter\Validation\Validation->processRules('namakategori', 'Nama Kategori', 're', Array, Array)
#2 C:\xampp\htdocs\simidisko\system\Controller.php(160): CodeIgniter\Validation\Validation->run()
#3 C:\xampp\htdocs\simidisko\app\Controllers\Kategori.php(38): CodeIgniter\Controller->validate(Array)
#4 C:\xampp\htdocs\simidisko\system\CodeIgniter.php(832): App\Controllers\Kategori->addprosess()
#5 C:\xampp\htdocs\simidisko\system\CodeIgniter.php(419): CodeIgniter\CodeIgniter->runController(Object(App\Controllers\Kategori))
#6 C:\xampp\htdocs\simidisko\system\CodeIgniter.php(326): CodeIgniter\CodeIgniter->handleRequest(NULL, Object(Config\Cache), false)
#7 C:\xampp\htdocs\simidisko\public\index.php(37): CodeIgniter\CodeIgniter->run()
#8 C:\xampp\htdocs\simidisko\system\Commands\Server\rewrite.php(43): require_once('C:\\xampp\\htdocs...')
#9 {main}
CRITICAL - 2022-04-30 08:13:35 --> Undefined property: App\Controllers\Kategori::$validate
#0 C:\xampp\htdocs\simidisko\app\Controllers\Kategori.php(46): CodeIgniter\Debug\Exceptions->errorHandler(8, 'Undefined prope...', 'C:\\xampp\\htdocs...', 46, Array)
#1 C:\xampp\htdocs\simidisko\system\CodeIgniter.php(832): App\Controllers\Kategori->addprosess()
#2 C:\xampp\htdocs\simidisko\system\CodeIgniter.php(419): CodeIgniter\CodeIgniter->runController(Object(App\Controllers\Kategori))
#3 C:\xampp\htdocs\simidisko\system\CodeIgniter.php(326): CodeIgniter\CodeIgniter->handleRequest(NULL, Object(Config\Cache), false)
#4 C:\xampp\htdocs\simidisko\public\index.php(37): CodeIgniter\CodeIgniter->run()
#5 C:\xampp\htdocs\simidisko\system\Commands\Server\rewrite.php(43): require_once('C:\\xampp\\htdocs...')
#6 {main}
CRITICAL - 2022-04-30 08:16:28 --> Undefined variable: vd
#0 C:\xampp\htdocs\simidisko\app\Controllers\Kategori.php(50): CodeIgniter\Debug\Exceptions->errorHandler(8, 'Undefined varia...', 'C:\\xampp\\htdocs...', 50, Array)
#1 C:\xampp\htdocs\simidisko\system\CodeIgniter.php(832): App\Controllers\Kategori->addprosess()
#2 C:\xampp\htdocs\simidisko\system\CodeIgniter.php(419): CodeIgniter\CodeIgniter->runController(Object(App\Controllers\Kategori))
#3 C:\xampp\htdocs\simidisko\system\CodeIgniter.php(326): CodeIgniter\CodeIgniter->handleRequest(NULL, Object(Config\Cache), false)
#4 C:\xampp\htdocs\simidisko\public\index.php(37): CodeIgniter\CodeIgniter->run()
#5 C:\xampp\htdocs\simidisko\system\Commands\Server\rewrite.php(43): require_once('C:\\xampp\\htdocs...')
#6 {main}
CRITICAL - 2022-04-30 08:16:34 --> Undefined variable: vd
#0 C:\xampp\htdocs\simidisko\app\Controllers\Kategori.php(50): CodeIgniter\Debug\Exceptions->errorHandler(8, 'Undefined varia...', 'C:\\xampp\\htdocs...', 50, Array)
#1 C:\xampp\htdocs\simidisko\system\CodeIgniter.php(832): App\Controllers\Kategori->addprosess()
#2 C:\xampp\htdocs\simidisko\system\CodeIgniter.php(419): CodeIgniter\CodeIgniter->runController(Object(App\Controllers\Kategori))
#3 C:\xampp\htdocs\simidisko\system\CodeIgniter.php(326): CodeIgniter\CodeIgniter->handleRequest(NULL, Object(Config\Cache), false)
#4 C:\xampp\htdocs\simidisko\public\index.php(37): CodeIgniter\CodeIgniter->run()
#5 C:\xampp\htdocs\simidisko\system\Commands\Server\rewrite.php(43): require_once('C:\\xampp\\htdocs...')
#6 {main}
CRITICAL - 2022-04-30 08:16:53 --> Nama Kategori is not a valid rule.
#0 C:\xampp\htdocs\simidisko\system\Validation\Validation.php(300): CodeIgniter\Validation\Exceptions\ValidationException::forRuleNotFound('Nama Kategori')
#1 C:\xampp\htdocs\simidisko\system\Validation\Validation.php(157): CodeIgniter\Validation\Validation->processRules('namakategori', 'Nama Kategori', 'AUDIO', Array, Array)
#2 C:\xampp\htdocs\simidisko\system\Controller.php(160): CodeIgniter\Validation\Validation->run()
#3 C:\xampp\htdocs\simidisko\app\Controllers\Kategori.php(40): CodeIgniter\Controller->validate(Array)
#4 C:\xampp\htdocs\simidisko\system\CodeIgniter.php(832): App\Controllers\Kategori->addprosess()
#5 C:\xampp\htdocs\simidisko\system\CodeIgniter.php(419): CodeIgniter\CodeIgniter->runController(Object(App\Controllers\Kategori))
#6 C:\xampp\htdocs\simidisko\system\CodeIgniter.php(326): CodeIgniter\CodeIgniter->handleRequest(NULL, Object(Config\Cache), false)
#7 C:\xampp\htdocs\simidisko\public\index.php(37): CodeIgniter\CodeIgniter->run()
#8 C:\xampp\htdocs\simidisko\system\Commands\Server\rewrite.php(43): require_once('C:\\xampp\\htdocs...')
#9 {main}
CRITICAL - 2022-04-30 08:21:33 --> Nama Kategori is not a valid rule.
#0 C:\xampp\htdocs\simidisko\system\Validation\Validation.php(300): CodeIgniter\Validation\Exceptions\ValidationException::forRuleNotFound('Nama Kategori')
#1 C:\xampp\htdocs\simidisko\system\Validation\Validation.php(157): CodeIgniter\Validation\Validation->processRules('namakategori', 'Nama Kategori', 'AUDIO', Array, Array)
#2 C:\xampp\htdocs\simidisko\system\Controller.php(160): CodeIgniter\Validation\Validation->run()
#3 C:\xampp\htdocs\simidisko\app\Controllers\Kategori.php(40): CodeIgniter\Controller->validate(Array)
#4 C:\xampp\htdocs\simidisko\system\CodeIgniter.php(832): App\Controllers\Kategori->addprosess()
#5 C:\xampp\htdocs\simidisko\system\CodeIgniter.php(419): CodeIgniter\CodeIgniter->runController(Object(App\Controllers\Kategori))
#6 C:\xampp\htdocs\simidisko\system\CodeIgniter.php(326): CodeIgniter\CodeIgniter->handleRequest(NULL, Object(Config\Cache), false)
#7 C:\xampp\htdocs\simidisko\public\index.php(37): CodeIgniter\CodeIgniter->run()
#8 C:\xampp\htdocs\simidisko\system\Commands\Server\rewrite.php(43): require_once('C:\\xampp\\htdocs...')
#9 {main}
CRITICAL - 2022-04-30 08:24:13 --> required|is_unique is not a valid rule.
#0 C:\xampp\htdocs\simidisko\system\Validation\Validation.php(300): CodeIgniter\Validation\Exceptions\ValidationException::forRuleNotFound('required|is_uni...')
#1 C:\xampp\htdocs\simidisko\system\Validation\Validation.php(157): CodeIgniter\Validation\Validation->processRules('namakategori', 'Nama Kategori', 'AUDIO', Array, Array)
#2 C:\xampp\htdocs\simidisko\system\Controller.php(160): CodeIgniter\Validation\Validation->run()
#3 C:\xampp\htdocs\simidisko\app\Controllers\Kategori.php(40): CodeIgniter\Controller->validate(Array)
#4 C:\xampp\htdocs\simidisko\system\CodeIgniter.php(832): App\Controllers\Kategori->addprosess()
#5 C:\xampp\htdocs\simidisko\system\CodeIgniter.php(419): CodeIgniter\CodeIgniter->runController(Object(App\Controllers\Kategori))
#6 C:\xampp\htdocs\simidisko\system\CodeIgniter.php(326): CodeIgniter\CodeIgniter->handleRequest(NULL, Object(Config\Cache), false)
#7 C:\xampp\htdocs\simidisko\public\index.php(37): CodeIgniter\CodeIgniter->run()
#8 C:\xampp\htdocs\simidisko\system\Commands\Server\rewrite.php(43): require_once('C:\\xampp\\htdocs...')
#9 {main}
CRITICAL - 2022-04-30 08:24:17 --> required|is_unique is not a valid rule.
#0 C:\xampp\htdocs\simidisko\system\Validation\Validation.php(300): CodeIgniter\Validation\Exceptions\ValidationException::forRuleNotFound('required|is_uni...')
#1 C:\xampp\htdocs\simidisko\system\Validation\Validation.php(157): CodeIgniter\Validation\Validation->processRules('namakategori', 'Nama Kategori', 'AUDIO', Array, Array)
#2 C:\xampp\htdocs\simidisko\system\Controller.php(160): CodeIgniter\Validation\Validation->run()
#3 C:\xampp\htdocs\simidisko\app\Controllers\Kategori.php(40): CodeIgniter\Controller->validate(Array)
#4 C:\xampp\htdocs\simidisko\system\CodeIgniter.php(832): App\Controllers\Kategori->addprosess()
#5 C:\xampp\htdocs\simidisko\system\CodeIgniter.php(419): CodeIgniter\CodeIgniter->runController(Object(App\Controllers\Kategori))
#6 C:\xampp\htdocs\simidisko\system\CodeIgniter.php(326): CodeIgniter\CodeIgniter->handleRequest(NULL, Object(Config\Cache), false)
#7 C:\xampp\htdocs\simidisko\public\index.php(37): CodeIgniter\CodeIgniter->run()
#8 C:\xampp\htdocs\simidisko\system\Commands\Server\rewrite.php(43): require_once('C:\\xampp\\htdocs...')
#9 {main}
CRITICAL - 2022-04-30 08:27:26 --> Nama Kategori is not a valid rule.
#0 C:\xampp\htdocs\simidisko\system\Validation\Validation.php(300): CodeIgniter\Validation\Exceptions\ValidationException::forRuleNotFound('Nama Kategori')
#1 C:\xampp\htdocs\simidisko\system\Validation\Validation.php(157): CodeIgniter\Validation\Validation->processRules('namakategori', 'Nama Kategori', '', Array, Array)
#2 C:\xampp\htdocs\simidisko\system\Controller.php(160): CodeIgniter\Validation\Validation->run()
#3 C:\xampp\htdocs\simidisko\app\Controllers\Kategori.php(40): CodeIgniter\Controller->validate(Array)
#4 C:\xampp\htdocs\simidisko\system\CodeIgniter.php(832): App\Controllers\Kategori->addprosess()
#5 C:\xampp\htdocs\simidisko\system\CodeIgniter.php(419): CodeIgniter\CodeIgniter->runController(Object(App\Controllers\Kategori))
#6 C:\xampp\htdocs\simidisko\system\CodeIgniter.php(326): CodeIgniter\CodeIgniter->handleRequest(NULL, Object(Config\Cache), false)
#7 C:\xampp\htdocs\simidisko\public\index.php(37): CodeIgniter\CodeIgniter->run()
#8 C:\xampp\htdocs\simidisko\system\Commands\Server\rewrite.php(43): require_once('C:\\xampp\\htdocs...')
#9 {main}
CRITICAL - 2022-04-30 08:27:59 --> Nama Kategori is not a valid rule.
#0 C:\xampp\htdocs\simidisko\system\Validation\Validation.php(300): CodeIgniter\Validation\Exceptions\ValidationException::forRuleNotFound('Nama Kategori')
#1 C:\xampp\htdocs\simidisko\system\Validation\Validation.php(157): CodeIgniter\Validation\Validation->processRules('namakategori', 'Nama Kategori', '', Array, Array)
#2 C:\xampp\htdocs\simidisko\app\Controllers\Kategori.php(50): CodeIgniter\Validation\Validation->run()
#3 C:\xampp\htdocs\simidisko\system\CodeIgniter.php(832): App\Controllers\Kategori->addprosess()
#4 C:\xampp\htdocs\simidisko\system\CodeIgniter.php(419): CodeIgniter\CodeIgniter->runController(Object(App\Controllers\Kategori))
#5 C:\xampp\htdocs\simidisko\system\CodeIgniter.php(326): CodeIgniter\CodeIgniter->handleRequest(NULL, Object(Config\Cache), false)
#6 C:\xampp\htdocs\simidisko\public\index.php(37): CodeIgniter\CodeIgniter->run()
#7 C:\xampp\htdocs\simidisko\system\Commands\Server\rewrite.php(43): require_once('C:\\xampp\\htdocs...')
#8 {main}
CRITICAL - 2022-04-30 08:28:35 --> namakategori is not a valid rule.
#0 C:\xampp\htdocs\simidisko\system\Validation\Validation.php(300): CodeIgniter\Validation\Exceptions\ValidationException::forRuleNotFound('namakategori')
#1 C:\xampp\htdocs\simidisko\system\Validation\Validation.php(157): CodeIgniter\Validation\Validation->processRules('namakategori', 'namakategori', '', Array, Array)
#2 C:\xampp\htdocs\simidisko\app\Controllers\Kategori.php(50): CodeIgniter\Validation\Validation->run()
#3 C:\xampp\htdocs\simidisko\system\CodeIgniter.php(832): App\Controllers\Kategori->addprosess()
#4 C:\xampp\htdocs\simidisko\system\CodeIgniter.php(419): CodeIgniter\CodeIgniter->runController(Object(App\Controllers\Kategori))
#5 C:\xampp\htdocs\simidisko\system\CodeIgniter.php(326): CodeIgniter\CodeIgniter->handleRequest(NULL, Object(Config\Cache), false)
#6 C:\xampp\htdocs\simidisko\public\index.php(37): CodeIgniter\CodeIgniter->run()
#7 C:\xampp\htdocs\simidisko\system\Commands\Server\rewrite.php(43): require_once('C:\\xampp\\htdocs...')
#8 {main}
CRITICAL - 2022-04-30 08:28:52 --> namakategori is not a valid rule.
#0 C:\xampp\htdocs\simidisko\system\Validation\Validation.php(300): CodeIgniter\Validation\Exceptions\ValidationException::forRuleNotFound('namakategori')
#1 C:\xampp\htdocs\simidisko\system\Validation\Validation.php(157): CodeIgniter\Validation\Validation->processRules('namakategori', 'namakategori', '', Array, Array)
#2 C:\xampp\htdocs\simidisko\app\Controllers\Kategori.php(50): CodeIgniter\Validation\Validation->run()
#3 C:\xampp\htdocs\simidisko\system\CodeIgniter.php(832): App\Controllers\Kategori->addprosess()
#4 C:\xampp\htdocs\simidisko\system\CodeIgniter.php(419): CodeIgniter\CodeIgniter->runController(Object(App\Controllers\Kategori))
#5 C:\xampp\htdocs\simidisko\system\CodeIgniter.php(326): CodeIgniter\CodeIgniter->handleRequest(NULL, Object(Config\Cache), false)
#6 C:\xampp\htdocs\simidisko\public\index.php(37): CodeIgniter\CodeIgniter->run()
#7 C:\xampp\htdocs\simidisko\system\Commands\Server\rewrite.php(43): require_once('C:\\xampp\\htdocs...')
#8 {main}
ERROR - 2022-04-30 20:08:51 --> Table 'dbgudang.modelsatuans' doesn't exist
CRITICAL - 2022-04-30 20:08:51 --> Table 'dbgudang.modelsatuans' doesn't exist
#0 C:\xampp\htdocs\simidisko\system\Database\MySQLi\Connection.php(292): mysqli->query('SELECT *\nFROM `...', 0)
#1 C:\xampp\htdocs\simidisko\system\Database\BaseConnection.php(670): CodeIgniter\Database\MySQLi\Connection->execute('SELECT *\nFROM `...')
#2 C:\xampp\htdocs\simidisko\system\Database\BaseConnection.php(598): CodeIgniter\Database\BaseConnection->simpleQuery('SELECT *\nFROM `...')
#3 C:\xampp\htdocs\simidisko\system\Database\BaseBuilder.php(1455): CodeIgniter\Database\BaseConnection->query('SELECT *\nFROM `...', Array, false)
#4 C:\xampp\htdocs\simidisko\system\Model.php(183): CodeIgniter\Database\BaseBuilder->get()
#5 C:\xampp\htdocs\simidisko\system\BaseModel.php(584): CodeIgniter\Model->doFindAll(0, 0)
#6 C:\xampp\htdocs\simidisko\app\Controllers\Satuan.php(23): CodeIgniter\BaseModel->findAll()
#7 C:\xampp\htdocs\simidisko\system\CodeIgniter.php(832): App\Controllers\Satuan->index()
#8 C:\xampp\htdocs\simidisko\system\CodeIgniter.php(419): CodeIgniter\CodeIgniter->runController(Object(App\Controllers\Satuan))
#9 C:\xampp\htdocs\simidisko\system\CodeIgniter.php(326): CodeIgniter\CodeIgniter->handleRequest(NULL, Object(Config\Cache), false)
#10 C:\xampp\htdocs\simidisko\public\index.php(37): CodeIgniter\CodeIgniter->run()
#11 C:\xampp\htdocs\simidisko\system\Commands\Server\rewrite.php(43): require_once('C:\\xampp\\htdocs...')
#12 {main}
ERROR - 2022-04-30 20:08:56 --> Table 'dbgudang.modelsatuans' doesn't exist
CRITICAL - 2022-04-30 20:08:56 --> Table 'dbgudang.modelsatuans' doesn't exist
#0 C:\xampp\htdocs\simidisko\system\Database\MySQLi\Connection.php(292): mysqli->query('SELECT *\nFROM `...', 0)
#1 C:\xampp\htdocs\simidisko\system\Database\BaseConnection.php(670): CodeIgniter\Database\MySQLi\Connection->execute('SELECT *\nFROM `...')
#2 C:\xampp\htdocs\simidisko\system\Database\BaseConnection.php(598): CodeIgniter\Database\BaseConnection->simpleQuery('SELECT *\nFROM `...')
#3 C:\xampp\htdocs\simidisko\system\Database\BaseBuilder.php(1455): CodeIgniter\Database\BaseConnection->query('SELECT *\nFROM `...', Array, false)
#4 C:\xampp\htdocs\simidisko\system\Model.php(183): CodeIgniter\Database\BaseBuilder->get()
#5 C:\xampp\htdocs\simidisko\system\BaseModel.php(584): CodeIgniter\Model->doFindAll(0, 0)
#6 C:\xampp\htdocs\simidisko\app\Controllers\Satuan.php(23): CodeIgniter\BaseModel->findAll()
#7 C:\xampp\htdocs\simidisko\system\CodeIgniter.php(832): App\Controllers\Satuan->index()
#8 C:\xampp\htdocs\simidisko\system\CodeIgniter.php(419): CodeIgniter\CodeIgniter->runController(Object(App\Controllers\Satuan))
#9 C:\xampp\htdocs\simidisko\system\CodeIgniter.php(326): CodeIgniter\CodeIgniter->handleRequest(NULL, Object(Config\Cache), false)
#10 C:\xampp\htdocs\simidisko\public\index.php(37): CodeIgniter\CodeIgniter->run()
#11 C:\xampp\htdocs\simidisko\system\Commands\Server\rewrite.php(43): require_once('C:\\xampp\\htdocs...')
#12 {main}
CRITICAL - 2022-04-30 20:21:44 --> Undefined property: App\Controllers\Kategori::$kategori
#0 C:\xampp\htdocs\simidisko\app\Controllers\Kategori.php(25): CodeIgniter\Debug\Exceptions->errorHandler(8, 'Undefined prope...', 'C:\\xampp\\htdocs...', 25, Array)
#1 C:\xampp\htdocs\simidisko\system\CodeIgniter.php(832): App\Controllers\Kategori->index()
#2 C:\xampp\htdocs\simidisko\system\CodeIgniter.php(419): CodeIgniter\CodeIgniter->runController(Object(App\Controllers\Kategori))
#3 C:\xampp\htdocs\simidisko\system\CodeIgniter.php(326): CodeIgniter\CodeIgniter->handleRequest(NULL, Object(Config\Cache), false)
#4 C:\xampp\htdocs\simidisko\public\index.php(37): CodeIgniter\CodeIgniter->run()
#5 C:\xampp\htdocs\simidisko\system\Commands\Server\rewrite.php(43): require_once('C:\\xampp\\htdocs...')
#6 {main}
CRITICAL - 2022-04-30 21:15:34 --> Call to undefined method App\Models\Modelbarang::tabel
#0 C:\xampp\htdocs\simidisko\app\Models\Modelbarang.php(14): CodeIgniter\Model->__call('tabel', Array)
#1 C:\xampp\htdocs\simidisko\app\Controllers\Barang.php(21): App\Models\Modelbarang->tampildata()
#2 C:\xampp\htdocs\simidisko\system\CodeIgniter.php(832): App\Controllers\Barang->index()
#3 C:\xampp\htdocs\simidisko\system\CodeIgniter.php(419): CodeIgniter\CodeIgniter->runController(Object(App\Controllers\Barang))
#4 C:\xampp\htdocs\simidisko\system\CodeIgniter.php(326): CodeIgniter\CodeIgniter->handleRequest(NULL, Object(Config\Cache), false)
#5 C:\xampp\htdocs\simidisko\public\index.php(37): CodeIgniter\CodeIgniter->run()
#6 C:\xampp\htdocs\simidisko\system\Commands\Server\rewrite.php(43): require_once('C:\\xampp\\htdocs...')
#7 {main}
CRITICAL - 2022-04-30 21:41:07 --> Undefined variable: kat
#0 C:\xampp\htdocs\simidisko\app\Views\barang\addform.php(57): CodeIgniter\Debug\Exceptions->errorHandler(8, 'Undefined varia...', 'C:\\xampp\\htdocs...', 57, Array)
#1 C:\xampp\htdocs\simidisko\system\View\View.php(210): include('C:\\xampp\\htdocs...')
#2 C:\xampp\htdocs\simidisko\system\View\View.php(213): CodeIgniter\View\View->CodeIgniter\View\{closure}()
#3 C:\xampp\htdocs\simidisko\system\Common.php(1089): CodeIgniter\View\View->render('barang/addform', Array, true)
#4 C:\xampp\htdocs\simidisko\app\Controllers\Barang.php(34): view('barang/addform', Array)
#5 C:\xampp\htdocs\simidisko\system\CodeIgniter.php(832): App\Controllers\Barang->addform()
#6 C:\xampp\htdocs\simidisko\system\CodeIgniter.php(419): CodeIgniter\CodeIgniter->runController(Object(App\Controllers\Barang))
#7 C:\xampp\htdocs\simidisko\system\CodeIgniter.php(326): CodeIgniter\CodeIgniter->handleRequest(NULL, Object(Config\Cache), false)
#8 C:\xampp\htdocs\simidisko\public\index.php(37): CodeIgniter\CodeIgniter->run()
#9 C:\xampp\htdocs\simidisko\system\Commands\Server\rewrite.php(43): require_once('C:\\xampp\\htdocs...')
#10 {main}
CRITICAL - 2022-04-30 23:43:33 --> Undefined property: App\Controllers\Barang::$vd
#0 C:\xampp\htdocs\simidisko\app\Controllers\Barang.php(100): CodeIgniter\Debug\Exceptions->errorHandler(8, 'Undefined prope...', 'C:\\xampp\\htdocs...', 100, Array)
#1 C:\xampp\htdocs\simidisko\system\CodeIgniter.php(832): App\Controllers\Barang->addprosess()
#2 C:\xampp\htdocs\simidisko\system\CodeIgniter.php(419): CodeIgniter\CodeIgniter->runController(Object(App\Controllers\Barang))
#3 C:\xampp\htdocs\simidisko\system\CodeIgniter.php(326): CodeIgniter\CodeIgniter->handleRequest(NULL, Object(Config\Cache), false)
#4 C:\xampp\htdocs\simidisko\public\index.php(37): CodeIgniter\CodeIgniter->run()
#5 C:\xampp\htdocs\simidisko\system\Commands\Server\rewrite.php(43): require_once('C:\\xampp\\htdocs...')
#6 {main}
