ERROR - 2022-06-03 12:29:58 --> Error connecting to the database: No connection could be made because the target machine actively refused it.

CRITICAL - 2022-06-03 12:29:58 --> Unable to connect to the database.
Main connection [MySQLi]: No connection could be made because the target machine actively refused it.

#0 C:\xampp\htdocs\simidisko\system\Database\BaseConnection.php(577): CodeIgniter\Database\BaseConnection->initialize()
#1 C:\xampp\htdocs\simidisko\system\Database\BaseBuilder.php(1455): CodeIgniter\Database\BaseConnection->query('SELECT *\nFROM `...', Array, false)
#2 C:\xampp\htdocs\simidisko\system\Model.php(210): CodeIgniter\Database\BaseBuilder->get()
#3 C:\xampp\htdocs\simidisko\system\BaseModel.php(622): CodeIgniter\Model->doFirst()
#4 C:\xampp\htdocs\simidisko\vendor\myth\auth\src\Authentication\LocalAuthenticator.php(156): CodeIgniter\BaseModel->first()
#5 C:\xampp\htdocs\simidisko\vendor\myth\auth\src\Authentication\LocalAuthenticator.php(20): Myth\Auth\Authentication\LocalAuthenticator->validate(Array, true)
#6 C:\xampp\htdocs\simidisko\vendor\myth\auth\src\Controllers\AuthController.php(88): Myth\Auth\Authentication\LocalAuthenticator->attempt(Array, false)
#7 C:\xampp\htdocs\simidisko\system\CodeIgniter.php(832): Myth\Auth\Controllers\AuthController->attemptLogin()
#8 C:\xampp\htdocs\simidisko\system\CodeIgniter.php(419): CodeIgniter\CodeIgniter->runController(Object(Myth\Auth\Controllers\AuthController))
#9 C:\xampp\htdocs\simidisko\system\CodeIgniter.php(326): CodeIgniter\CodeIgniter->handleRequest(NULL, Object(Config\Cache), false)
#10 C:\xampp\htdocs\simidisko\public\index.php(37): CodeIgniter\CodeIgniter->run()
#11 C:\xampp\htdocs\simidisko\system\Commands\Server\rewrite.php(43): require_once('C:\\xampp\\htdocs...')
#12 {main}
CRITICAL - 2022-06-03 14:25:39 --> Undefined variable: auth
#0 C:\xampp\htdocs\simidisko\app\Views\main\layout.php(61): CodeIgniter\Debug\Exceptions->errorHandler(8, 'Undefined varia...', 'C:\\xampp\\htdocs...', 61, Array)
#1 C:\xampp\htdocs\simidisko\system\View\View.php(210): include('C:\\xampp\\htdocs...')
#2 C:\xampp\htdocs\simidisko\system\View\View.php(213): CodeIgniter\View\View->CodeIgniter\View\{closure}()
#3 C:\xampp\htdocs\simidisko\system\View\View.php(226): CodeIgniter\View\View->render('main/layout', Array, true)
#4 C:\xampp\htdocs\simidisko\system\Common.php(1089): CodeIgniter\View\View->render('kategori/index', Array, true)
#5 C:\xampp\htdocs\simidisko\app\Controllers\Kategori.php(44): view('kategori/index', Array)
#6 C:\xampp\htdocs\simidisko\system\CodeIgniter.php(832): App\Controllers\Kategori->index()
#7 C:\xampp\htdocs\simidisko\system\CodeIgniter.php(419): CodeIgniter\CodeIgniter->runController(Object(App\Controllers\Kategori))
#8 C:\xampp\htdocs\simidisko\system\CodeIgniter.php(326): CodeIgniter\CodeIgniter->handleRequest(NULL, Object(Config\Cache), false)
#9 C:\xampp\htdocs\simidisko\public\index.php(37): CodeIgniter\CodeIgniter->run()
#10 C:\xampp\htdocs\simidisko\system\Commands\Server\rewrite.php(43): require_once('C:\\xampp\\htdocs...')
#11 {main}
CRITICAL - 2022-06-03 14:52:47 --> _get_uri() requires a valid baseURL.
#0 C:\xampp\htdocs\simidisko\system\Helpers\url_helper.php(170): _get_uri('')
#1 C:\xampp\htdocs\simidisko\system\CodeIgniter.php(453): current_url(true)
#2 C:\xampp\htdocs\simidisko\system\CodeIgniter.php(326): CodeIgniter\CodeIgniter->handleRequest(NULL, Object(Config\Cache), false)
#3 C:\xampp\htdocs\simidisko\system\CLI\Console.php(48): CodeIgniter\CodeIgniter->run()
#4 C:\xampp\htdocs\simidisko\spark(63): CodeIgniter\CLI\Console->run()
#5 {main}
ERROR - 2022-06-03 15:07:05 --> Cannot delete or update a parent row: a foreign key constraint fails (`dbgudang`.`detailpinjambarang`, CONSTRAINT `detailpinjambarang_ibfk_1` FOREIGN KEY (`detbrgkode`) REFERENCES `barang` (`brgkode`) ON UPDATE CASCADE)
CRITICAL - 2022-06-03 15:07:05 --> Cannot delete or update a parent row: a foreign key constraint fails (`dbgudang`.`detailpinjambarang`, CONSTRAINT `detailpinjambarang_ibfk_1` FOREIGN KEY (`detbrgkode`) REFERENCES `barang` (`brgkode`) ON UPDATE CASCADE)
#0 C:\xampp\htdocs\simidisko\system\Database\MySQLi\Connection.php(292): mysqli->query('DELETE FROM `ba...', 0)
#1 C:\xampp\htdocs\simidisko\system\Database\BaseConnection.php(670): CodeIgniter\Database\MySQLi\Connection->execute('DELETE FROM `ba...')
#2 C:\xampp\htdocs\simidisko\system\Database\BaseConnection.php(598): CodeIgniter\Database\BaseConnection->simpleQuery('DELETE FROM `ba...')
#3 C:\xampp\htdocs\simidisko\system\Database\BaseBuilder.php(2225): CodeIgniter\Database\BaseConnection->query('DELETE FROM `ba...', Array, false)
#4 C:\xampp\htdocs\simidisko\system\Model.php(359): CodeIgniter\Database\BaseBuilder->delete()
#5 C:\xampp\htdocs\simidisko\system\BaseModel.php(963): CodeIgniter\Model->doDelete(Array, false)
#6 C:\xampp\htdocs\simidisko\app\Controllers\Barang.php(333): CodeIgniter\BaseModel->delete(Array)
#7 C:\xampp\htdocs\simidisko\system\CodeIgniter.php(832): App\Controllers\Barang->hapus('TIKMUL0008')
#8 C:\xampp\htdocs\simidisko\system\CodeIgniter.php(419): CodeIgniter\CodeIgniter->runController(Object(App\Controllers\Barang))
#9 C:\xampp\htdocs\simidisko\system\CodeIgniter.php(326): CodeIgniter\CodeIgniter->handleRequest(NULL, Object(Config\Cache), false)
#10 C:\xampp\htdocs\simidisko\public\index.php(37): CodeIgniter\CodeIgniter->run()
#11 C:\xampp\htdocs\simidisko\system\Commands\Server\rewrite.php(43): require_once('C:\\xampp\\htdocs...')
#12 {main}
ERROR - 2022-06-03 15:07:10 --> Cannot delete or update a parent row: a foreign key constraint fails (`dbgudang`.`detailpinjambarang`, CONSTRAINT `detailpinjambarang_ibfk_1` FOREIGN KEY (`detbrgkode`) REFERENCES `barang` (`brgkode`) ON UPDATE CASCADE)
CRITICAL - 2022-06-03 15:07:10 --> Cannot delete or update a parent row: a foreign key constraint fails (`dbgudang`.`detailpinjambarang`, CONSTRAINT `detailpinjambarang_ibfk_1` FOREIGN KEY (`detbrgkode`) REFERENCES `barang` (`brgkode`) ON UPDATE CASCADE)
#0 C:\xampp\htdocs\simidisko\system\Database\MySQLi\Connection.php(292): mysqli->query('DELETE FROM `ba...', 0)
#1 C:\xampp\htdocs\simidisko\system\Database\BaseConnection.php(670): CodeIgniter\Database\MySQLi\Connection->execute('DELETE FROM `ba...')
#2 C:\xampp\htdocs\simidisko\system\Database\BaseConnection.php(598): CodeIgniter\Database\BaseConnection->simpleQuery('DELETE FROM `ba...')
#3 C:\xampp\htdocs\simidisko\system\Database\BaseBuilder.php(2225): CodeIgniter\Database\BaseConnection->query('DELETE FROM `ba...', Array, false)
#4 C:\xampp\htdocs\simidisko\system\Model.php(359): CodeIgniter\Database\BaseBuilder->delete()
#5 C:\xampp\htdocs\simidisko\system\BaseModel.php(963): CodeIgniter\Model->doDelete(Array, false)
#6 C:\xampp\htdocs\simidisko\app\Controllers\Barang.php(333): CodeIgniter\BaseModel->delete(Array)
#7 C:\xampp\htdocs\simidisko\system\CodeIgniter.php(832): App\Controllers\Barang->hapus('TIKMUL0008')
#8 C:\xampp\htdocs\simidisko\system\CodeIgniter.php(419): CodeIgniter\CodeIgniter->runController(Object(App\Controllers\Barang))
#9 C:\xampp\htdocs\simidisko\system\CodeIgniter.php(326): CodeIgniter\CodeIgniter->handleRequest(NULL, Object(Config\Cache), false)
#10 C:\xampp\htdocs\simidisko\public\index.php(37): CodeIgniter\CodeIgniter->run()
#11 C:\xampp\htdocs\simidisko\system\Commands\Server\rewrite.php(43): require_once('C:\\xampp\\htdocs...')
#12 {main}
ERROR - 2022-06-03 15:21:30 --> You have an error in your SQL syntax; check the manual that corresponds to your MariaDB server version for the right syntax to use near '`brgkatid``=``katid`' at line 1
CRITICAL - 2022-06-03 15:21:30 --> You have an error in your SQL syntax; check the manual that corresponds to your MariaDB server version for the right syntax to use near '`brgkatid``=``katid`' at line 1
#0 C:\xampp\htdocs\simidisko\system\Database\MySQLi\Connection.php(292): mysqli->query('SHOW COLUMNS FR...', 0)
#1 C:\xampp\htdocs\simidisko\system\Database\BaseConnection.php(670): CodeIgniter\Database\MySQLi\Connection->execute('SHOW COLUMNS FR...')
#2 C:\xampp\htdocs\simidisko\system\Database\BaseConnection.php(598): CodeIgniter\Database\BaseConnection->simpleQuery('SHOW COLUMNS FR...')
#3 C:\xampp\htdocs\simidisko\system\Database\MySQLi\Connection.php(402): CodeIgniter\Database\BaseConnection->query('SHOW COLUMNS FR...')
#4 C:\xampp\htdocs\simidisko\system\Database\BaseConnection.php(1436): CodeIgniter\Database\MySQLi\Connection->_fieldData('`JOIN ``kategor...')
#5 C:\xampp\htdocs\simidisko\vendor\hermawan\codeigniter4-datatables\src\DataTableColumnDefs.php(351): CodeIgniter\Database\BaseConnection->getFieldData('JOIN `kategori`...')
#6 C:\xampp\htdocs\simidisko\vendor\hermawan\codeigniter4-datatables\src\DataTableColumnDefs.php(17): Hermawan\DataTables\DataTableColumnDefs->initFromBuilder(Object(CodeIgniter\Database\MySQLi\Builder))
#7 C:\xampp\htdocs\simidisko\vendor\hermawan\codeigniter4-datatables\src\DataTable.php(35): Hermawan\DataTables\DataTableColumnDefs->__construct(Object(CodeIgniter\Database\MySQLi\Builder))
#8 C:\xampp\htdocs\simidisko\vendor\hermawan\codeigniter4-datatables\src\DataTable.php(46): Hermawan\DataTables\DataTable->__construct(Object(CodeIgniter\Database\MySQLi\Builder))
#9 C:\xampp\htdocs\simidisko\app\Controllers\Barang.php(58): Hermawan\DataTables\DataTable::of(Object(App\Models\Modelbarang))
#10 C:\xampp\htdocs\simidisko\system\CodeIgniter.php(832): App\Controllers\Barang->listtabeldata()
#11 C:\xampp\htdocs\simidisko\system\CodeIgniter.php(419): CodeIgniter\CodeIgniter->runController(Object(App\Controllers\Barang))
#12 C:\xampp\htdocs\simidisko\system\CodeIgniter.php(326): CodeIgniter\CodeIgniter->handleRequest(NULL, Object(Config\Cache), false)
#13 C:\xampp\htdocs\simidisko\public\index.php(37): CodeIgniter\CodeIgniter->run()
#14 C:\xampp\htdocs\simidisko\system\Commands\Server\rewrite.php(43): require_once('C:\\xampp\\htdocs...')
#15 {main}
CRITICAL - 2022-06-03 15:22:32 --> Undefined index: katnama
#0 C:\xampp\htdocs\simidisko\app\Views\barang\index.php(57): CodeIgniter\Debug\Exceptions->errorHandler(8, 'Undefined index...', 'C:\\xampp\\htdocs...', 57, Array)
#1 C:\xampp\htdocs\simidisko\system\View\View.php(210): include('C:\\xampp\\htdocs...')
#2 C:\xampp\htdocs\simidisko\system\View\View.php(213): CodeIgniter\View\View->CodeIgniter\View\{closure}()
#3 C:\xampp\htdocs\simidisko\system\Common.php(1089): CodeIgniter\View\View->render('barang/index', Array, true)
#4 C:\xampp\htdocs\simidisko\app\Controllers\Barang.php(52): view('barang/index', Array)
#5 C:\xampp\htdocs\simidisko\system\CodeIgniter.php(832): App\Controllers\Barang->index()
#6 C:\xampp\htdocs\simidisko\system\CodeIgniter.php(419): CodeIgniter\CodeIgniter->runController(Object(App\Controllers\Barang))
#7 C:\xampp\htdocs\simidisko\system\CodeIgniter.php(326): CodeIgniter\CodeIgniter->handleRequest(NULL, Object(Config\Cache), false)
#8 C:\xampp\htdocs\simidisko\public\index.php(37): CodeIgniter\CodeIgniter->run()
#9 C:\xampp\htdocs\simidisko\system\Commands\Server\rewrite.php(43): require_once('C:\\xampp\\htdocs...')
#10 {main}
CRITICAL - 2022-06-03 15:23:59 --> Undefined offset: 7
#0 C:\xampp\htdocs\simidisko\vendor\hermawan\codeigniter4-datatables\src\DataTableColumnDefs.php(215): CodeIgniter\Debug\Exceptions->errorHandler(8, 'Undefined offse...', 'C:\\xampp\\htdocs...', 215, Array)
#1 C:\xampp\htdocs\simidisko\vendor\hermawan\codeigniter4-datatables\src\DataTableQuery.php(170): Hermawan\DataTables\DataTableColumnDefs->getSearchable()
#2 C:\xampp\htdocs\simidisko\vendor\hermawan\codeigniter4-datatables\src\DataTableQuery.php(61): Hermawan\DataTables\DataTableQuery->queryFilterSearch(Object(CodeIgniter\Database\MySQLi\Builder))
#3 C:\xampp\htdocs\simidisko\vendor\hermawan\codeigniter4-datatables\src\DataTable.php(175): Hermawan\DataTables\DataTableQuery->countFiltered()
#4 C:\xampp\htdocs\simidisko\app\Controllers\Barang.php(58): Hermawan\DataTables\DataTable->toJson()
#5 C:\xampp\htdocs\simidisko\system\CodeIgniter.php(832): App\Controllers\Barang->listtabeldata()
#6 C:\xampp\htdocs\simidisko\system\CodeIgniter.php(419): CodeIgniter\CodeIgniter->runController(Object(App\Controllers\Barang))
#7 C:\xampp\htdocs\simidisko\system\CodeIgniter.php(326): CodeIgniter\CodeIgniter->handleRequest(NULL, Object(Config\Cache), false)
#8 C:\xampp\htdocs\simidisko\public\index.php(37): CodeIgniter\CodeIgniter->run()
#9 C:\xampp\htdocs\simidisko\system\Commands\Server\rewrite.php(43): require_once('C:\\xampp\\htdocs...')
#10 {main}
CRITICAL - 2022-06-03 15:34:29 --> Undefined offset: 7
#0 C:\xampp\htdocs\simidisko\vendor\hermawan\codeigniter4-datatables\src\DataTableColumnDefs.php(215): CodeIgniter\Debug\Exceptions->errorHandler(8, 'Undefined offse...', 'C:\\xampp\\htdocs...', 215, Array)
#1 C:\xampp\htdocs\simidisko\vendor\hermawan\codeigniter4-datatables\src\DataTableQuery.php(170): Hermawan\DataTables\DataTableColumnDefs->getSearchable()
#2 C:\xampp\htdocs\simidisko\vendor\hermawan\codeigniter4-datatables\src\DataTableQuery.php(61): Hermawan\DataTables\DataTableQuery->queryFilterSearch(Object(CodeIgniter\Database\MySQLi\Builder))
#3 C:\xampp\htdocs\simidisko\vendor\hermawan\codeigniter4-datatables\src\DataTable.php(175): Hermawan\DataTables\DataTableQuery->countFiltered()
#4 C:\xampp\htdocs\simidisko\app\Controllers\Barang.php(58): Hermawan\DataTables\DataTable->toJson()
#5 C:\xampp\htdocs\simidisko\system\CodeIgniter.php(832): App\Controllers\Barang->listtabeldata()
#6 C:\xampp\htdocs\simidisko\system\CodeIgniter.php(419): CodeIgniter\CodeIgniter->runController(Object(App\Controllers\Barang))
#7 C:\xampp\htdocs\simidisko\system\CodeIgniter.php(326): CodeIgniter\CodeIgniter->handleRequest(NULL, Object(Config\Cache), false)
#8 C:\xampp\htdocs\simidisko\public\index.php(37): CodeIgniter\CodeIgniter->run()
#9 C:\xampp\htdocs\simidisko\system\Commands\Server\rewrite.php(43): require_once('C:\\xampp\\htdocs...')
#10 {main}
CRITICAL - 2022-06-03 15:34:43 --> Undefined offset: 7
#0 C:\xampp\htdocs\simidisko\vendor\hermawan\codeigniter4-datatables\src\DataTableColumnDefs.php(215): CodeIgniter\Debug\Exceptions->errorHandler(8, 'Undefined offse...', 'C:\\xampp\\htdocs...', 215, Array)
#1 C:\xampp\htdocs\simidisko\vendor\hermawan\codeigniter4-datatables\src\DataTableQuery.php(170): Hermawan\DataTables\DataTableColumnDefs->getSearchable()
#2 C:\xampp\htdocs\simidisko\vendor\hermawan\codeigniter4-datatables\src\DataTableQuery.php(61): Hermawan\DataTables\DataTableQuery->queryFilterSearch(Object(CodeIgniter\Database\MySQLi\Builder))
#3 C:\xampp\htdocs\simidisko\vendor\hermawan\codeigniter4-datatables\src\DataTable.php(175): Hermawan\DataTables\DataTableQuery->countFiltered()
#4 C:\xampp\htdocs\simidisko\app\Controllers\Barang.php(58): Hermawan\DataTables\DataTable->toJson()
#5 C:\xampp\htdocs\simidisko\system\CodeIgniter.php(832): App\Controllers\Barang->listtabeldata()
#6 C:\xampp\htdocs\simidisko\system\CodeIgniter.php(419): CodeIgniter\CodeIgniter->runController(Object(App\Controllers\Barang))
#7 C:\xampp\htdocs\simidisko\system\CodeIgniter.php(326): CodeIgniter\CodeIgniter->handleRequest(NULL, Object(Config\Cache), false)
#8 C:\xampp\htdocs\simidisko\public\index.php(37): CodeIgniter\CodeIgniter->run()
#9 C:\xampp\htdocs\simidisko\system\Commands\Server\rewrite.php(43): require_once('C:\\xampp\\htdocs...')
#10 {main}
CRITICAL - 2022-06-03 15:36:42 --> Undefined property: stdClass::$customerName
#0 C:\xampp\htdocs\simidisko\app\Controllers\Barang.php(60): CodeIgniter\Debug\Exceptions->errorHandler(8, 'Undefined prope...', 'C:\\xampp\\htdocs...', 60, Array)
#1 C:\xampp\htdocs\simidisko\vendor\hermawan\codeigniter4-datatables\src\DataTableQuery.php(91): App\Controllers\Barang->App\Controllers\{closure}(Object(stdClass))
#2 C:\xampp\htdocs\simidisko\vendor\hermawan\codeigniter4-datatables\src\DataTable.php(176): Hermawan\DataTables\DataTableQuery->getDataResult()
#3 C:\xampp\htdocs\simidisko\app\Controllers\Barang.php(62): Hermawan\DataTables\DataTable->toJson()
#4 C:\xampp\htdocs\simidisko\system\CodeIgniter.php(832): App\Controllers\Barang->listtabeldata()
#5 C:\xampp\htdocs\simidisko\system\CodeIgniter.php(419): CodeIgniter\CodeIgniter->runController(Object(App\Controllers\Barang))
#6 C:\xampp\htdocs\simidisko\system\CodeIgniter.php(326): CodeIgniter\CodeIgniter->handleRequest(NULL, Object(Config\Cache), false)
#7 C:\xampp\htdocs\simidisko\public\index.php(37): CodeIgniter\CodeIgniter->run()
#8 C:\xampp\htdocs\simidisko\system\Commands\Server\rewrite.php(43): require_once('C:\\xampp\\htdocs...')
#9 {main}
ERROR - 2022-06-03 15:50:15 --> Cannot delete or update a parent row: a foreign key constraint fails (`dbgudang`.`detailpinjambarang`, CONSTRAINT `detailpinjambarang_ibfk_1` FOREIGN KEY (`detbrgkode`) REFERENCES `barang` (`brgkode`) ON UPDATE CASCADE)
CRITICAL - 2022-06-03 15:50:15 --> Cannot delete or update a parent row: a foreign key constraint fails (`dbgudang`.`detailpinjambarang`, CONSTRAINT `detailpinjambarang_ibfk_1` FOREIGN KEY (`detbrgkode`) REFERENCES `barang` (`brgkode`) ON UPDATE CASCADE)
#0 C:\xampp\htdocs\simidisko\system\Database\MySQLi\Connection.php(292): mysqli->query('DELETE FROM `ba...', 0)
#1 C:\xampp\htdocs\simidisko\system\Database\BaseConnection.php(670): CodeIgniter\Database\MySQLi\Connection->execute('DELETE FROM `ba...')
#2 C:\xampp\htdocs\simidisko\system\Database\BaseConnection.php(598): CodeIgniter\Database\BaseConnection->simpleQuery('DELETE FROM `ba...')
#3 C:\xampp\htdocs\simidisko\system\Database\BaseBuilder.php(2225): CodeIgniter\Database\BaseConnection->query('DELETE FROM `ba...', Array, false)
#4 C:\xampp\htdocs\simidisko\system\Model.php(359): CodeIgniter\Database\BaseBuilder->delete()
#5 C:\xampp\htdocs\simidisko\system\BaseModel.php(963): CodeIgniter\Model->doDelete(Array, false)
#6 C:\xampp\htdocs\simidisko\app\Controllers\Barang.php(354): CodeIgniter\BaseModel->delete(Array)
#7 C:\xampp\htdocs\simidisko\system\CodeIgniter.php(832): App\Controllers\Barang->hapus('TIKMUL0008')
#8 C:\xampp\htdocs\simidisko\system\CodeIgniter.php(419): CodeIgniter\CodeIgniter->runController(Object(App\Controllers\Barang))
#9 C:\xampp\htdocs\simidisko\system\CodeIgniter.php(326): CodeIgniter\CodeIgniter->handleRequest(NULL, Object(Config\Cache), false)
#10 C:\xampp\htdocs\simidisko\public\index.php(37): CodeIgniter\CodeIgniter->run()
#11 C:\xampp\htdocs\simidisko\system\Commands\Server\rewrite.php(43): require_once('C:\\xampp\\htdocs...')
#12 {main}
