CRITICAL - 2022-05-31 00:06:50 --> Undefined index: kkdinv
#0 C:\xampp\htdocs\simidisko\app\Views\laporan\tabeldata.php(22): CodeIgniter\Debug\Exceptions->errorHandler(8, 'Undefined index...', 'C:\\xampp\\htdocs...', 22, Array)
#1 C:\xampp\htdocs\simidisko\system\View\View.php(210): include('C:\\xampp\\htdocs...')
#2 C:\xampp\htdocs\simidisko\system\View\View.php(213): CodeIgniter\View\View->CodeIgniter\View\{closure}()
#3 C:\xampp\htdocs\simidisko\system\Common.php(1089): CodeIgniter\View\View->render('laporan/tabelda...', Array, true)
#4 C:\xampp\htdocs\simidisko\app\Controllers\Lpb.php(71): view('laporan/tabelda...', Array)
#5 C:\xampp\htdocs\simidisko\system\CodeIgniter.php(832): App\Controllers\Lpb->listdata()
#6 C:\xampp\htdocs\simidisko\system\CodeIgniter.php(419): CodeIgniter\CodeIgniter->runController(Object(App\Controllers\Lpb))
#7 C:\xampp\htdocs\simidisko\system\CodeIgniter.php(326): CodeIgniter\CodeIgniter->handleRequest(NULL, Object(Config\Cache), false)
#8 C:\xampp\htdocs\simidisko\public\index.php(37): CodeIgniter\CodeIgniter->run()
#9 C:\xampp\htdocs\simidisko\system\Commands\Server\rewrite.php(43): require_once('C:\\xampp\\htdocs...')
#10 {main}
ERROR - 2022-05-31 00:18:28 --> You have an error in your SQL syntax; check the manual that corresponds to your MariaDB server version for the right syntax to use near '= '1 April 2022' AND `tglpinjam` = '30 April 2022'
GROUP BY `tglpinjam`
ORDER...' at line 4
CRITICAL - 2022-05-31 00:18:28 --> You have an error in your SQL syntax; check the manual that corresponds to your MariaDB server version for the right syntax to use near '= '1 April 2022' AND `tglpinjam` = '30 April 2022'
GROUP BY `tglpinjam`
ORDER...' at line 4
#0 C:\xampp\htdocs\simidisko\system\Database\MySQLi\Connection.php(292): mysqli->query('SELECT `pinjamb...', 0)
#1 C:\xampp\htdocs\simidisko\system\Database\BaseConnection.php(670): CodeIgniter\Database\MySQLi\Connection->execute('SELECT `pinjamb...')
#2 C:\xampp\htdocs\simidisko\system\Database\BaseConnection.php(598): CodeIgniter\Database\BaseConnection->simpleQuery('SELECT `pinjamb...')
#3 C:\xampp\htdocs\simidisko\system\Database\BaseBuilder.php(1455): CodeIgniter\Database\BaseConnection->query('SELECT `pinjamb...', Array, false)
#4 C:\xampp\htdocs\simidisko\system\Model.php(728): CodeIgniter\Database\BaseBuilder->get()
#5 C:\xampp\htdocs\simidisko\app\Controllers\Lpb.php(67): CodeIgniter\Model->__call('get', Array)
#6 C:\xampp\htdocs\simidisko\system\CodeIgniter.php(832): App\Controllers\Lpb->listdata()
#7 C:\xampp\htdocs\simidisko\system\CodeIgniter.php(419): CodeIgniter\CodeIgniter->runController(Object(App\Controllers\Lpb))
#8 C:\xampp\htdocs\simidisko\system\CodeIgniter.php(326): CodeIgniter\CodeIgniter->handleRequest(NULL, Object(Config\Cache), false)
#9 C:\xampp\htdocs\simidisko\public\index.php(37): CodeIgniter\CodeIgniter->run()
#10 C:\xampp\htdocs\simidisko\system\Commands\Server\rewrite.php(43): require_once('C:\\xampp\\htdocs...')
#11 {main}
ERROR - 2022-05-31 00:19:33 --> You have an error in your SQL syntax; check the manual that corresponds to your MariaDB server version for the right syntax to use near '`tglpinjam` = '1 May 2022' AND `tglpinjam` = '31 May 2022'
GROUP BY `tglpinja...' at line 4
CRITICAL - 2022-05-31 00:19:33 --> You have an error in your SQL syntax; check the manual that corresponds to your MariaDB server version for the right syntax to use near '`tglpinjam` = '1 May 2022' AND `tglpinjam` = '31 May 2022'
GROUP BY `tglpinja...' at line 4
#0 C:\xampp\htdocs\simidisko\system\Database\MySQLi\Connection.php(292): mysqli->query('SELECT `pinjamb...', 0)
#1 C:\xampp\htdocs\simidisko\system\Database\BaseConnection.php(670): CodeIgniter\Database\MySQLi\Connection->execute('SELECT `pinjamb...')
#2 C:\xampp\htdocs\simidisko\system\Database\BaseConnection.php(598): CodeIgniter\Database\BaseConnection->simpleQuery('SELECT `pinjamb...')
#3 C:\xampp\htdocs\simidisko\system\Database\BaseBuilder.php(1455): CodeIgniter\Database\BaseConnection->query('SELECT `pinjamb...', Array, false)
#4 C:\xampp\htdocs\simidisko\system\Model.php(728): CodeIgniter\Database\BaseBuilder->get()
#5 C:\xampp\htdocs\simidisko\app\Controllers\Lpb.php(67): CodeIgniter\Model->__call('get', Array)
#6 C:\xampp\htdocs\simidisko\system\CodeIgniter.php(832): App\Controllers\Lpb->listdata()
#7 C:\xampp\htdocs\simidisko\system\CodeIgniter.php(419): CodeIgniter\CodeIgniter->runController(Object(App\Controllers\Lpb))
#8 C:\xampp\htdocs\simidisko\system\CodeIgniter.php(326): CodeIgniter\CodeIgniter->handleRequest(NULL, Object(Config\Cache), false)
#9 C:\xampp\htdocs\simidisko\public\index.php(37): CodeIgniter\CodeIgniter->run()
#10 C:\xampp\htdocs\simidisko\system\Commands\Server\rewrite.php(43): require_once('C:\\xampp\\htdocs...')
#11 {main}
CRITICAL - 2022-05-31 00:22:19 --> A non well formed numeric value encountered
#0 [internal function]: CodeIgniter\Debug\Exceptions->errorHandler(8, 'A non well form...', 'C:\\xampp\\htdocs...', 60, Array)
#1 C:\xampp\htdocs\simidisko\app\Models\Modelkembalibarang.php(60): strtotime('Y-m-d', '25 May 2022')
#2 C:\xampp\htdocs\simidisko\app\Controllers\Lpb.php(67): App\Models\Modelkembalibarang->laporanpb('25 May 2022', '31 May 2022')
#3 C:\xampp\htdocs\simidisko\system\CodeIgniter.php(832): App\Controllers\Lpb->listdata()
#4 C:\xampp\htdocs\simidisko\system\CodeIgniter.php(419): CodeIgniter\CodeIgniter->runController(Object(App\Controllers\Lpb))
#5 C:\xampp\htdocs\simidisko\system\CodeIgniter.php(326): CodeIgniter\CodeIgniter->handleRequest(NULL, Object(Config\Cache), false)
#6 C:\xampp\htdocs\simidisko\public\index.php(37): CodeIgniter\CodeIgniter->run()
#7 C:\xampp\htdocs\simidisko\system\Commands\Server\rewrite.php(43): require_once('C:\\xampp\\htdocs...')
#8 {main}
CRITICAL - 2022-05-31 00:38:22 --> Undefined index: kegiatan
#0 C:\xampp\htdocs\simidisko\app\Controllers\Kembalibarang.php(81): CodeIgniter\Debug\Exceptions->errorHandler(8, 'Undefined index...', 'C:\\xampp\\htdocs...', 81, Array)
#1 C:\xampp\htdocs\simidisko\system\CodeIgniter.php(832): App\Controllers\Kembalibarang->edit('c01a1c188c38bc7...')
#2 C:\xampp\htdocs\simidisko\system\CodeIgniter.php(419): CodeIgniter\CodeIgniter->runController(Object(App\Controllers\Kembalibarang))
#3 C:\xampp\htdocs\simidisko\system\CodeIgniter.php(326): CodeIgniter\CodeIgniter->handleRequest(NULL, Object(Config\Cache), false)
#4 C:\xampp\htdocs\simidisko\public\index.php(37): CodeIgniter\CodeIgniter->run()
#5 C:\xampp\htdocs\simidisko\system\Commands\Server\rewrite.php(43): require_once('C:\\xampp\\htdocs...')
#6 {main}
CRITICAL - 2022-05-31 01:51:13 --> Array to string conversion
#0 C:\xampp\htdocs\simidisko\app\Controllers\Lpb.php(89): CodeIgniter\Debug\Exceptions->errorHandler(8, 'Array to string...', 'C:\\xampp\\htdocs...', 89, Array)
#1 C:\xampp\htdocs\simidisko\system\CodeIgniter.php(832): App\Controllers\Lpb->printLap()
#2 C:\xampp\htdocs\simidisko\system\CodeIgniter.php(419): CodeIgniter\CodeIgniter->runController(Object(App\Controllers\Lpb))
#3 C:\xampp\htdocs\simidisko\system\CodeIgniter.php(326): CodeIgniter\CodeIgniter->handleRequest(NULL, Object(Config\Cache), false)
#4 C:\xampp\htdocs\simidisko\public\index.php(37): CodeIgniter\CodeIgniter->run()
#5 C:\xampp\htdocs\simidisko\system\Commands\Server\rewrite.php(43): require_once('C:\\xampp\\htdocs...')
#6 {main}
CRITICAL - 2022-05-31 01:51:55 --> Array to string conversion
#0 C:\xampp\htdocs\simidisko\app\Controllers\Lpb.php(89): CodeIgniter\Debug\Exceptions->errorHandler(8, 'Array to string...', 'C:\\xampp\\htdocs...', 89, Array)
#1 C:\xampp\htdocs\simidisko\system\CodeIgniter.php(832): App\Controllers\Lpb->printLap()
#2 C:\xampp\htdocs\simidisko\system\CodeIgniter.php(419): CodeIgniter\CodeIgniter->runController(Object(App\Controllers\Lpb))
#3 C:\xampp\htdocs\simidisko\system\CodeIgniter.php(326): CodeIgniter\CodeIgniter->handleRequest(NULL, Object(Config\Cache), false)
#4 C:\xampp\htdocs\simidisko\public\index.php(37): CodeIgniter\CodeIgniter->run()
#5 C:\xampp\htdocs\simidisko\system\Commands\Server\rewrite.php(43): require_once('C:\\xampp\\htdocs...')
#6 {main}
CRITICAL - 2022-05-31 02:08:28 --> Undefined index: kegiatan
#0 C:\xampp\htdocs\simidisko\app\Controllers\Kembalibarang.php(81): CodeIgniter\Debug\Exceptions->errorHandler(8, 'Undefined index...', 'C:\\xampp\\htdocs...', 81, Array)
#1 C:\xampp\htdocs\simidisko\system\CodeIgniter.php(832): App\Controllers\Kembalibarang->edit('c01a1c188c38bc7...')
#2 C:\xampp\htdocs\simidisko\system\CodeIgniter.php(419): CodeIgniter\CodeIgniter->runController(Object(App\Controllers\Kembalibarang))
#3 C:\xampp\htdocs\simidisko\system\CodeIgniter.php(326): CodeIgniter\CodeIgniter->handleRequest(NULL, Object(Config\Cache), false)
#4 C:\xampp\htdocs\simidisko\public\index.php(37): CodeIgniter\CodeIgniter->run()
#5 C:\xampp\htdocs\simidisko\system\Commands\Server\rewrite.php(43): require_once('C:\\xampp\\htdocs...')
#6 {main}
CRITICAL - 2022-05-31 02:10:56 --> Array to string conversion
#0 C:\xampp\htdocs\simidisko\app\Controllers\Lpb.php(89): CodeIgniter\Debug\Exceptions->errorHandler(8, 'Array to string...', 'C:\\xampp\\htdocs...', 89, Array)
#1 C:\xampp\htdocs\simidisko\system\CodeIgniter.php(832): App\Controllers\Lpb->printLap()
#2 C:\xampp\htdocs\simidisko\system\CodeIgniter.php(419): CodeIgniter\CodeIgniter->runController(Object(App\Controllers\Lpb))
#3 C:\xampp\htdocs\simidisko\system\CodeIgniter.php(326): CodeIgniter\CodeIgniter->handleRequest(NULL, Object(Config\Cache), false)
#4 C:\xampp\htdocs\simidisko\public\index.php(37): CodeIgniter\CodeIgniter->run()
#5 C:\xampp\htdocs\simidisko\system\Commands\Server\rewrite.php(43): require_once('C:\\xampp\\htdocs...')
#6 {main}
CRITICAL - 2022-05-31 03:10:45 --> Argument 2 passed to CodeIgniter\HTTP\RedirectResponse::to() must be of the type int or null, string given, called in C:\xampp\htdocs\simidisko\app\Controllers\Lpb.php on line 88
#0 C:\xampp\htdocs\simidisko\app\Controllers\Lpb.php(88): CodeIgniter\HTTP\RedirectResponse->to('lpb/printPdf', 'May 2, 2022')
#1 C:\xampp\htdocs\simidisko\system\CodeIgniter.php(832): App\Controllers\Lpb->printLap()
#2 C:\xampp\htdocs\simidisko\system\CodeIgniter.php(419): CodeIgniter\CodeIgniter->runController(Object(App\Controllers\Lpb))
#3 C:\xampp\htdocs\simidisko\system\CodeIgniter.php(326): CodeIgniter\CodeIgniter->handleRequest(NULL, Object(Config\Cache), false)
#4 C:\xampp\htdocs\simidisko\public\index.php(37): CodeIgniter\CodeIgniter->run()
#5 C:\xampp\htdocs\simidisko\system\Commands\Server\rewrite.php(43): require_once('C:\\xampp\\htdocs...')
#6 {main}
CRITICAL - 2022-05-31 03:15:29 --> syntax error, unexpected ')'
#0 C:\xampp\htdocs\simidisko\system\Router\Router.php(175): CodeIgniter\Router\Router->autoRoute('lpb/index')
#1 C:\xampp\htdocs\simidisko\system\CodeIgniter.php(726): CodeIgniter\Router\Router->handle('lpb/index')
#2 C:\xampp\htdocs\simidisko\system\CodeIgniter.php(368): CodeIgniter\CodeIgniter->tryToRouteIt(Object(CodeIgniter\Router\RouteCollection))
#3 C:\xampp\htdocs\simidisko\system\CodeIgniter.php(326): CodeIgniter\CodeIgniter->handleRequest(NULL, Object(Config\Cache), false)
#4 C:\xampp\htdocs\simidisko\public\index.php(37): CodeIgniter\CodeIgniter->run()
#5 C:\xampp\htdocs\simidisko\system\Commands\Server\rewrite.php(43): require_once('C:\\xampp\\htdocs...')
#6 {main}
CRITICAL - 2022-05-31 03:21:46 --> fopen(): remote host file access not supported, file://Laporan Penggunaan Peralatan.pdf
#0 [internal function]: CodeIgniter\Debug\Exceptions->errorHandler(2, 'fopen(): remote...', 'C:\\xampp\\htdocs...', 1842, Array)
#1 C:\xampp\htdocs\simidisko\vendor\tecnickcom\tcpdf\include\tcpdf_static.php(1842): fopen('file://Laporan ...', 'wb')
#2 C:\xampp\htdocs\simidisko\vendor\tecnickcom\tcpdf\tcpdf.php(7749): TCPDF_STATIC::fopenLocal('file://Laporan ...', 'wb')
#3 C:\xampp\htdocs\simidisko\app\Controllers\Lpb.php(130): TCPDF->Output('Laporan Penggun...', 'F')
#4 C:\xampp\htdocs\simidisko\system\CodeIgniter.php(832): App\Controllers\Lpb->printLap()
#5 C:\xampp\htdocs\simidisko\system\CodeIgniter.php(419): CodeIgniter\CodeIgniter->runController(Object(App\Controllers\Lpb))
#6 C:\xampp\htdocs\simidisko\system\CodeIgniter.php(326): CodeIgniter\CodeIgniter->handleRequest(NULL, Object(Config\Cache), false)
#7 C:\xampp\htdocs\simidisko\public\index.php(37): CodeIgniter\CodeIgniter->run()
#8 C:\xampp\htdocs\simidisko\system\Commands\Server\rewrite.php(43): require_once('C:\\xampp\\htdocs...')
#9 {main}
CRITICAL - 2022-05-31 03:28:57 --> fopen(file://C:\xampp\htdocs\simidisko\writable\download/): failed to open stream: No such file or directory
#0 [internal function]: CodeIgniter\Debug\Exceptions->errorHandler(2, 'fopen(file://C:...', 'C:\\xampp\\htdocs...', 1842, Array)
#1 C:\xampp\htdocs\simidisko\vendor\tecnickcom\tcpdf\include\tcpdf_static.php(1842): fopen('file://C:\\xampp...', 'wb')
#2 C:\xampp\htdocs\simidisko\vendor\tecnickcom\tcpdf\tcpdf.php(7749): TCPDF_STATIC::fopenLocal('file://C:\\xampp...', 'wb')
#3 C:\xampp\htdocs\simidisko\app\Controllers\Lpb.php(130): TCPDF->Output('C:\\xampp\\htdocs...', 'F')
#4 C:\xampp\htdocs\simidisko\system\CodeIgniter.php(832): App\Controllers\Lpb->printLap()
#5 C:\xampp\htdocs\simidisko\system\CodeIgniter.php(419): CodeIgniter\CodeIgniter->runController(Object(App\Controllers\Lpb))
#6 C:\xampp\htdocs\simidisko\system\CodeIgniter.php(326): CodeIgniter\CodeIgniter->handleRequest(NULL, Object(Config\Cache), false)
#7 C:\xampp\htdocs\simidisko\public\index.php(37): CodeIgniter\CodeIgniter->run()
#8 C:\xampp\htdocs\simidisko\system\Commands\Server\rewrite.php(43): require_once('C:\\xampp\\htdocs...')
#9 {main}
CRITICAL - 2022-05-31 03:29:47 --> fopen(file://C:\xampp\htdocs\simidisko\writable\download/): failed to open stream: No such file or directory
#0 [internal function]: CodeIgniter\Debug\Exceptions->errorHandler(2, 'fopen(file://C:...', 'C:\\xampp\\htdocs...', 1842, Array)
#1 C:\xampp\htdocs\simidisko\vendor\tecnickcom\tcpdf\include\tcpdf_static.php(1842): fopen('file://C:\\xampp...', 'wb')
#2 C:\xampp\htdocs\simidisko\vendor\tecnickcom\tcpdf\tcpdf.php(7749): TCPDF_STATIC::fopenLocal('file://C:\\xampp...', 'wb')
#3 C:\xampp\htdocs\simidisko\app\Controllers\Lpb.php(130): TCPDF->Output('C:\\xampp\\htdocs...', 'F')
#4 C:\xampp\htdocs\simidisko\system\CodeIgniter.php(832): App\Controllers\Lpb->printLap()
#5 C:\xampp\htdocs\simidisko\system\CodeIgniter.php(419): CodeIgniter\CodeIgniter->runController(Object(App\Controllers\Lpb))
#6 C:\xampp\htdocs\simidisko\system\CodeIgniter.php(326): CodeIgniter\CodeIgniter->handleRequest(NULL, Object(Config\Cache), false)
#7 C:\xampp\htdocs\simidisko\public\index.php(37): CodeIgniter\CodeIgniter->run()
#8 C:\xampp\htdocs\simidisko\system\Commands\Server\rewrite.php(43): require_once('C:\\xampp\\htdocs...')
#9 {main}
CRITICAL - 2022-05-31 03:30:19 --> fopen(file://C:\xampp\htdocs\simidisko\writable\download): failed to open stream: Permission denied
#0 [internal function]: CodeIgniter\Debug\Exceptions->errorHandler(2, 'fopen(file://C:...', 'C:\\xampp\\htdocs...', 1842, Array)
#1 C:\xampp\htdocs\simidisko\vendor\tecnickcom\tcpdf\include\tcpdf_static.php(1842): fopen('file://C:\\xampp...', 'wb')
#2 C:\xampp\htdocs\simidisko\vendor\tecnickcom\tcpdf\tcpdf.php(7749): TCPDF_STATIC::fopenLocal('file://C:\\xampp...', 'wb')
#3 C:\xampp\htdocs\simidisko\app\Controllers\Lpb.php(130): TCPDF->Output('C:\\xampp\\htdocs...', 'F')
#4 C:\xampp\htdocs\simidisko\system\CodeIgniter.php(832): App\Controllers\Lpb->printLap()
#5 C:\xampp\htdocs\simidisko\system\CodeIgniter.php(419): CodeIgniter\CodeIgniter->runController(Object(App\Controllers\Lpb))
#6 C:\xampp\htdocs\simidisko\system\CodeIgniter.php(326): CodeIgniter\CodeIgniter->handleRequest(NULL, Object(Config\Cache), false)
#7 C:\xampp\htdocs\simidisko\public\index.php(37): CodeIgniter\CodeIgniter->run()
#8 C:\xampp\htdocs\simidisko\system\Commands\Server\rewrite.php(43): require_once('C:\\xampp\\htdocs...')
#9 {main}
ERROR - 2022-05-31 03:44:08 --> Error connecting to the database: No connection could be made because the target machine actively refused it.

CRITICAL - 2022-05-31 03:44:08 --> Unable to connect to the database.
Main connection [MySQLi]: No connection could be made because the target machine actively refused it.

#0 C:\xampp\htdocs\simidisko\system\Database\BaseConnection.php(577): CodeIgniter\Database\BaseConnection->initialize()
#1 C:\xampp\htdocs\simidisko\system\Database\BaseBuilder.php(1539): CodeIgniter\Database\BaseConnection->query('SELECT COUNT(*)...', Array, false)
#2 C:\xampp\htdocs\simidisko\system\Model.php(509): CodeIgniter\Database\BaseBuilder->countAllResults(true)
#3 C:\xampp\htdocs\simidisko\app\Controllers\Lpb.php(44): CodeIgniter\Model->countAllResults()
#4 C:\xampp\htdocs\simidisko\system\CodeIgniter.php(832): App\Controllers\Lpb->index()
#5 C:\xampp\htdocs\simidisko\system\CodeIgniter.php(419): CodeIgniter\CodeIgniter->runController(Object(App\Controllers\Lpb))
#6 C:\xampp\htdocs\simidisko\system\CodeIgniter.php(326): CodeIgniter\CodeIgniter->handleRequest(NULL, Object(Config\Cache), false)
#7 C:\xampp\htdocs\simidisko\public\index.php(37): CodeIgniter\CodeIgniter->run()
#8 C:\xampp\htdocs\simidisko\system\Commands\Server\rewrite.php(43): require_once('C:\\xampp\\htdocs...')
#9 {main}
CRITICAL - 2022-05-31 03:50:01 --> Undefined variable: cari
#0 C:\xampp\htdocs\simidisko\app\Views\laporan\tabeldata.php(10): CodeIgniter\Debug\Exceptions->errorHandler(8, 'Undefined varia...', 'C:\\xampp\\htdocs...', 10, Array)
#1 C:\xampp\htdocs\simidisko\system\View\View.php(210): include('C:\\xampp\\htdocs...')
#2 C:\xampp\htdocs\simidisko\system\View\View.php(213): CodeIgniter\View\View->CodeIgniter\View\{closure}()
#3 C:\xampp\htdocs\simidisko\system\Common.php(1089): CodeIgniter\View\View->render('laporan/tabelda...', Array, true)
#4 C:\xampp\htdocs\simidisko\app\Controllers\Lpb.php(72): view('laporan/tabelda...', Array)
#5 C:\xampp\htdocs\simidisko\system\CodeIgniter.php(832): App\Controllers\Lpb->listdata()
#6 C:\xampp\htdocs\simidisko\system\CodeIgniter.php(419): CodeIgniter\CodeIgniter->runController(Object(App\Controllers\Lpb))
#7 C:\xampp\htdocs\simidisko\system\CodeIgniter.php(326): CodeIgniter\CodeIgniter->handleRequest(NULL, Object(Config\Cache), false)
#8 C:\xampp\htdocs\simidisko\public\index.php(37): CodeIgniter\CodeIgniter->run()
#9 C:\xampp\htdocs\simidisko\system\Commands\Server\rewrite.php(43): require_once('C:\\xampp\\htdocs...')
#10 {main}
CRITICAL - 2022-05-31 04:09:26 --> fopen(): remote host file access not supported, file://Laporan Penggunaan Peralatan.pdf
#0 [internal function]: CodeIgniter\Debug\Exceptions->errorHandler(2, 'fopen(): remote...', 'C:\\xampp\\htdocs...', 1842, Array)
#1 C:\xampp\htdocs\simidisko\vendor\tecnickcom\tcpdf\include\tcpdf_static.php(1842): fopen('file://Laporan ...', 'wb')
#2 C:\xampp\htdocs\simidisko\vendor\tecnickcom\tcpdf\tcpdf.php(7749): TCPDF_STATIC::fopenLocal('file://Laporan ...', 'wb')
#3 C:\xampp\htdocs\simidisko\app\Controllers\Lpb.php(122): TCPDF->Output('Laporan Penggun...', 'F')
#4 C:\xampp\htdocs\simidisko\system\CodeIgniter.php(832): App\Controllers\Lpb->printLap()
#5 C:\xampp\htdocs\simidisko\system\CodeIgniter.php(419): CodeIgniter\CodeIgniter->runController(Object(App\Controllers\Lpb))
#6 C:\xampp\htdocs\simidisko\system\CodeIgniter.php(326): CodeIgniter\CodeIgniter->handleRequest(NULL, Object(Config\Cache), false)
#7 C:\xampp\htdocs\simidisko\public\index.php(37): CodeIgniter\CodeIgniter->run()
#8 C:\xampp\htdocs\simidisko\system\Commands\Server\rewrite.php(43): require_once('C:\\xampp\\htdocs...')
#9 {main}
CRITICAL - 2022-05-31 05:07:00 --> A non-numeric value encountered
#0 C:\xampp\htdocs\simidisko\vendor\tecnickcom\tcpdf\tcpdf.php(11501): CodeIgniter\Debug\Exceptions->errorHandler(2, 'A non-numeric v...', 'C:\\xampp\\htdocs...', 11501, Array)
#1 C:\xampp\htdocs\simidisko\vendor\tecnickcom\tcpdf\tcpdf.php(11603): TCPDF->_outPoint('', 30)
#2 C:\xampp\htdocs\simidisko\app\Libraries\MY_TCPDF.php(35): TCPDF->Line('', 30, 50, 30, Array)
#3 C:\xampp\htdocs\simidisko\vendor\tecnickcom\tcpdf\tcpdf.php(3617): App\Libraries\MY_TCPDF->Header()
#4 C:\xampp\htdocs\simidisko\vendor\tecnickcom\tcpdf\tcpdf.php(3284): TCPDF->setHeader()
#5 C:\xampp\htdocs\simidisko\vendor\tecnickcom\tcpdf\tcpdf.php(3196): TCPDF->startPage('L', '', false)
#6 C:\xampp\htdocs\simidisko\app\Controllers\Lpb.php(110): TCPDF->AddPage('L')
#7 C:\xampp\htdocs\simidisko\system\CodeIgniter.php(832): App\Controllers\Lpb->printLap()
#8 C:\xampp\htdocs\simidisko\system\CodeIgniter.php(419): CodeIgniter\CodeIgniter->runController(Object(App\Controllers\Lpb))
#9 C:\xampp\htdocs\simidisko\system\CodeIgniter.php(326): CodeIgniter\CodeIgniter->handleRequest(NULL, Object(Config\Cache), false)
#10 C:\xampp\htdocs\simidisko\public\index.php(37): CodeIgniter\CodeIgniter->run()
#11 C:\xampp\htdocs\simidisko\system\Commands\Server\rewrite.php(43): require_once('C:\\xampp\\htdocs...')
#12 {main}
CRITICAL - 2022-05-31 17:10:29 --> date_default_timezone_set(): Timezone ID 'Indonesia/Jayapura' is invalid
#0 [internal function]: CodeIgniter\Debug\Exceptions->errorHandler(8, 'date_default_ti...', 'C:\\xampp\\htdocs...', 184, Array)
#1 C:\xampp\htdocs\simidisko\system\CodeIgniter.php(184): date_default_timezone_set('Indonesia/Jayap...')
#2 C:\xampp\htdocs\simidisko\system\bootstrap.php(146): CodeIgniter\CodeIgniter->initialize()
#3 C:\xampp\htdocs\simidisko\public\index.php(28): require('C:\\xampp\\htdocs...')
#4 C:\xampp\htdocs\simidisko\system\Commands\Server\rewrite.php(43): require_once('C:\\xampp\\htdocs...')
#5 {main}
CRITICAL - 2022-05-31 17:10:59 --> date_default_timezone_set(): Timezone ID 'Indonesia/Jakarta' is invalid
#0 [internal function]: CodeIgniter\Debug\Exceptions->errorHandler(8, 'date_default_ti...', 'C:\\xampp\\htdocs...', 184, Array)
#1 C:\xampp\htdocs\simidisko\system\CodeIgniter.php(184): date_default_timezone_set('Indonesia/Jakar...')
#2 C:\xampp\htdocs\simidisko\system\bootstrap.php(146): CodeIgniter\CodeIgniter->initialize()
#3 C:\xampp\htdocs\simidisko\public\index.php(28): require('C:\\xampp\\htdocs...')
#4 C:\xampp\htdocs\simidisko\system\Commands\Server\rewrite.php(43): require_once('C:\\xampp\\htdocs...')
#5 {main}
CRITICAL - 2022-05-31 17:12:00 --> date_default_timezone_set(): Timezone ID 'Asia/Jaypura' is invalid
#0 [internal function]: CodeIgniter\Debug\Exceptions->errorHandler(8, 'date_default_ti...', 'C:\\xampp\\htdocs...', 184, Array)
#1 C:\xampp\htdocs\simidisko\system\CodeIgniter.php(184): date_default_timezone_set('Asia/Jaypura')
#2 C:\xampp\htdocs\simidisko\system\bootstrap.php(146): CodeIgniter\CodeIgniter->initialize()
#3 C:\xampp\htdocs\simidisko\public\index.php(28): require('C:\\xampp\\htdocs...')
#4 C:\xampp\htdocs\simidisko\system\Commands\Server\rewrite.php(43): require_once('C:\\xampp\\htdocs...')
#5 {main}
