ERROR - 2022-05-03 07:32:09 --> Unknown column 'detfakture' in 'where clause'
CRITICAL - 2022-05-03 07:32:09 --> Unknown column 'detfakture' in 'where clause'
#0 C:\xampp\htdocs\simidisko\system\Database\MySQLi\Connection.php(292): mysqli->query('SELECT *\nFROM `...', 0)
#1 C:\xampp\htdocs\simidisko\system\Database\BaseConnection.php(670): CodeIgniter\Database\MySQLi\Connection->execute('SELECT *\nFROM `...')
#2 C:\xampp\htdocs\simidisko\system\Database\BaseConnection.php(598): CodeIgniter\Database\BaseConnection->simpleQuery('SELECT *\nFROM `...')
#3 C:\xampp\htdocs\simidisko\system\Database\BaseBuilder.php(1588): CodeIgniter\Database\BaseConnection->query('SELECT *\nFROM `...', Array, false)
#4 C:\xampp\htdocs\simidisko\system\Model.php(728): CodeIgniter\Database\BaseBuilder->getWhere(Array)
#5 C:\xampp\htdocs\simidisko\app\Controllers\Barangmasuk.php(155): CodeIgniter\Model->__call('getWhere', Array)
#6 C:\xampp\htdocs\simidisko\system\CodeIgniter.php(832): App\Controllers\Barangmasuk->selesaiTransaksi()
#7 C:\xampp\htdocs\simidisko\system\CodeIgniter.php(419): CodeIgniter\CodeIgniter->runController(Object(App\Controllers\Barangmasuk))
#8 C:\xampp\htdocs\simidisko\system\CodeIgniter.php(326): CodeIgniter\CodeIgniter->handleRequest(NULL, Object(Config\Cache), false)
#9 C:\xampp\htdocs\simidisko\public\index.php(37): CodeIgniter\CodeIgniter->run()
#10 C:\xampp\htdocs\simidisko\system\Commands\Server\rewrite.php(43): require_once('C:\\xampp\\htdocs...')
#11 {main}
ERROR - 2022-05-03 07:32:16 --> Unknown column 'detfakture' in 'where clause'
CRITICAL - 2022-05-03 07:32:16 --> Unknown column 'detfakture' in 'where clause'
#0 C:\xampp\htdocs\simidisko\system\Database\MySQLi\Connection.php(292): mysqli->query('SELECT *\nFROM `...', 0)
#1 C:\xampp\htdocs\simidisko\system\Database\BaseConnection.php(670): CodeIgniter\Database\MySQLi\Connection->execute('SELECT *\nFROM `...')
#2 C:\xampp\htdocs\simidisko\system\Database\BaseConnection.php(598): CodeIgniter\Database\BaseConnection->simpleQuery('SELECT *\nFROM `...')
#3 C:\xampp\htdocs\simidisko\system\Database\BaseBuilder.php(1588): CodeIgniter\Database\BaseConnection->query('SELECT *\nFROM `...', Array, false)
#4 C:\xampp\htdocs\simidisko\system\Model.php(728): CodeIgniter\Database\BaseBuilder->getWhere(Array)
#5 C:\xampp\htdocs\simidisko\app\Controllers\Barangmasuk.php(155): CodeIgniter\Model->__call('getWhere', Array)
#6 C:\xampp\htdocs\simidisko\system\CodeIgniter.php(832): App\Controllers\Barangmasuk->selesaiTransaksi()
#7 C:\xampp\htdocs\simidisko\system\CodeIgniter.php(419): CodeIgniter\CodeIgniter->runController(Object(App\Controllers\Barangmasuk))
#8 C:\xampp\htdocs\simidisko\system\CodeIgniter.php(326): CodeIgniter\CodeIgniter->handleRequest(NULL, Object(Config\Cache), false)
#9 C:\xampp\htdocs\simidisko\public\index.php(37): CodeIgniter\CodeIgniter->run()
#10 C:\xampp\htdocs\simidisko\system\Commands\Server\rewrite.php(43): require_once('C:\\xampp\\htdocs...')
#11 {main}
CRITICAL - 2022-05-03 09:04:14 --> Call to undefined method CodeIgniter\Database\MySQLi\Result::emptyTable()
#0 C:\xampp\htdocs\simidisko\system\CodeIgniter.php(832): App\Controllers\Barangmasuk->selesaiTransaksi()
#1 C:\xampp\htdocs\simidisko\system\CodeIgniter.php(419): CodeIgniter\CodeIgniter->runController(Object(App\Controllers\Barangmasuk))
#2 C:\xampp\htdocs\simidisko\system\CodeIgniter.php(326): CodeIgniter\CodeIgniter->handleRequest(NULL, Object(Config\Cache), false)
#3 C:\xampp\htdocs\simidisko\public\index.php(37): CodeIgniter\CodeIgniter->run()
#4 C:\xampp\htdocs\simidisko\system\Commands\Server\rewrite.php(43): require_once('C:\\xampp\\htdocs...')
#5 {main}
ERROR - 2022-05-03 09:04:21 --> Duplicate entry 'DISKOMINFO-F-0001' for key 'PRIMARY'
CRITICAL - 2022-05-03 09:04:21 --> Duplicate entry 'DISKOMINFO-F-0001' for key 'PRIMARY'
#0 C:\xampp\htdocs\simidisko\system\Database\MySQLi\Connection.php(292): mysqli->query('INSERT INTO `ba...', 0)
#1 C:\xampp\htdocs\simidisko\system\Database\BaseConnection.php(670): CodeIgniter\Database\MySQLi\Connection->execute('INSERT INTO `ba...')
#2 C:\xampp\htdocs\simidisko\system\Database\BaseConnection.php(598): CodeIgniter\Database\BaseConnection->simpleQuery('INSERT INTO `ba...')
#3 C:\xampp\htdocs\simidisko\system\Database\BaseBuilder.php(1771): CodeIgniter\Database\BaseConnection->query('INSERT INTO `ba...', Array, false)
#4 C:\xampp\htdocs\simidisko\system\Model.php(239): CodeIgniter\Database\BaseBuilder->insert()
#5 C:\xampp\htdocs\simidisko\system\BaseModel.php(738): CodeIgniter\Model->doInsert(Array)
#6 C:\xampp\htdocs\simidisko\system\Model.php(625): CodeIgniter\BaseModel->insert(Array, true)
#7 C:\xampp\htdocs\simidisko\app\Controllers\Barangmasuk.php(169): CodeIgniter\Model->insert(Array)
#8 C:\xampp\htdocs\simidisko\system\CodeIgniter.php(832): App\Controllers\Barangmasuk->selesaiTransaksi()
#9 C:\xampp\htdocs\simidisko\system\CodeIgniter.php(419): CodeIgniter\CodeIgniter->runController(Object(App\Controllers\Barangmasuk))
#10 C:\xampp\htdocs\simidisko\system\CodeIgniter.php(326): CodeIgniter\CodeIgniter->handleRequest(NULL, Object(Config\Cache), false)
#11 C:\xampp\htdocs\simidisko\public\index.php(37): CodeIgniter\CodeIgniter->run()
#12 C:\xampp\htdocs\simidisko\system\Commands\Server\rewrite.php(43): require_once('C:\\xampp\\htdocs...')
#13 {main}
CRITICAL - 2022-05-03 09:08:22 --> Call to undefined method CodeIgniter\Database\MySQLi\Result::emptyTable()
#0 C:\xampp\htdocs\simidisko\system\CodeIgniter.php(832): App\Controllers\Barangmasuk->selesaiTransaksi()
#1 C:\xampp\htdocs\simidisko\system\CodeIgniter.php(419): CodeIgniter\CodeIgniter->runController(Object(App\Controllers\Barangmasuk))
#2 C:\xampp\htdocs\simidisko\system\CodeIgniter.php(326): CodeIgniter\CodeIgniter->handleRequest(NULL, Object(Config\Cache), false)
#3 C:\xampp\htdocs\simidisko\public\index.php(37): CodeIgniter\CodeIgniter->run()
#4 C:\xampp\htdocs\simidisko\system\Commands\Server\rewrite.php(43): require_once('C:\\xampp\\htdocs...')
#5 {main}
CRITICAL - 2022-05-03 10:46:22 --> Call to undefined method App\Models\Modelbarangmasuk::tampildata
#0 C:\xampp\htdocs\simidisko\app\Controllers\Barangmasuk.php(209): CodeIgniter\Model->__call('tampildata', Array)
#1 C:\xampp\htdocs\simidisko\system\CodeIgniter.php(832): App\Controllers\Barangmasuk->data()
#2 C:\xampp\htdocs\simidisko\system\CodeIgniter.php(419): CodeIgniter\CodeIgniter->runController(Object(App\Controllers\Barangmasuk))
#3 C:\xampp\htdocs\simidisko\system\CodeIgniter.php(326): CodeIgniter\CodeIgniter->handleRequest(NULL, Object(Config\Cache), false)
#4 C:\xampp\htdocs\simidisko\public\index.php(37): CodeIgniter\CodeIgniter->run()
#5 C:\xampp\htdocs\simidisko\system\Commands\Server\rewrite.php(43): require_once('C:\\xampp\\htdocs...')
#6 {main}
CRITICAL - 2022-05-03 10:46:40 --> Call to undefined method App\Models\Modelbarangmasuk::tampildata
#0 C:\xampp\htdocs\simidisko\app\Controllers\Barangmasuk.php(209): CodeIgniter\Model->__call('tampildata', Array)
#1 C:\xampp\htdocs\simidisko\system\CodeIgniter.php(832): App\Controllers\Barangmasuk->data()
#2 C:\xampp\htdocs\simidisko\system\CodeIgniter.php(419): CodeIgniter\CodeIgniter->runController(Object(App\Controllers\Barangmasuk))
#3 C:\xampp\htdocs\simidisko\system\CodeIgniter.php(326): CodeIgniter\CodeIgniter->handleRequest(NULL, Object(Config\Cache), false)
#4 C:\xampp\htdocs\simidisko\public\index.php(37): CodeIgniter\CodeIgniter->run()
#5 C:\xampp\htdocs\simidisko\system\Commands\Server\rewrite.php(43): require_once('C:\\xampp\\htdocs...')
#6 {main}
