ERROR - 2022-06-06 00:33:44 --> Unknown column 'userid' in 'where clause'
CRITICAL - 2022-06-06 00:33:44 --> Unknown column 'userid' in 'where clause'
#0 C:\xampp\htdocs\simidisko\system\Database\MySQLi\Connection.php(292): mysqli->query('SELECT `users`....', 0)
#1 C:\xampp\htdocs\simidisko\system\Database\BaseConnection.php(670): CodeIgniter\Database\MySQLi\Connection->execute('SELECT `users`....')
#2 C:\xampp\htdocs\simidisko\system\Database\BaseConnection.php(598): CodeIgniter\Database\BaseConnection->simpleQuery('SELECT `users`....')
#3 C:\xampp\htdocs\simidisko\system\Database\BaseBuilder.php(1588): CodeIgniter\Database\BaseConnection->query('SELECT `users`....', Array, false)
#4 C:\xampp\htdocs\simidisko\app\Controllers\Usermag.php(389): CodeIgniter\Database\BaseBuilder->getWhere(Array)
#5 C:\xampp\htdocs\simidisko\app\Controllers\Usermag.php(372): App\Controllers\Usermag->_getdataprofile('356a192b7913b04...')
#6 C:\xampp\htdocs\simidisko\system\CodeIgniter.php(832): App\Controllers\Usermag->getdataprofile()
#7 C:\xampp\htdocs\simidisko\system\CodeIgniter.php(419): CodeIgniter\CodeIgniter->runController(Object(App\Controllers\Usermag))
#8 C:\xampp\htdocs\simidisko\system\CodeIgniter.php(326): CodeIgniter\CodeIgniter->handleRequest(NULL, Object(Config\Cache), false)
#9 C:\xampp\htdocs\simidisko\public\index.php(37): CodeIgniter\CodeIgniter->run()
#10 C:\xampp\htdocs\simidisko\system\Commands\Server\rewrite.php(43): require_once('C:\\xampp\\htdocs...')
#11 {main}
CRITICAL - 2022-06-06 00:35:34 --> Call to undefined method CodeIgniter\Database\MySQLi\Builder::getRowArray()
#0 C:\xampp\htdocs\simidisko\system\CodeIgniter.php(832): App\Controllers\Usermag->getdataprofile()
#1 C:\xampp\htdocs\simidisko\system\CodeIgniter.php(419): CodeIgniter\CodeIgniter->runController(Object(App\Controllers\Usermag))
#2 C:\xampp\htdocs\simidisko\system\CodeIgniter.php(326): CodeIgniter\CodeIgniter->handleRequest(NULL, Object(Config\Cache), false)
#3 C:\xampp\htdocs\simidisko\public\index.php(37): CodeIgniter\CodeIgniter->run()
#4 C:\xampp\htdocs\simidisko\system\Commands\Server\rewrite.php(43): require_once('C:\\xampp\\htdocs...')
#5 {main}
CRITICAL - 2022-06-06 00:41:04 --> Undefined index: picture
#0 C:\xampp\htdocs\simidisko\app\Controllers\Usermag.php(377): CodeIgniter\Debug\Exceptions->errorHandler(8, 'Undefined index...', 'C:\\xampp\\htdocs...', 377, Array)
#1 C:\xampp\htdocs\simidisko\system\CodeIgniter.php(832): App\Controllers\Usermag->getdataprofile()
#2 C:\xampp\htdocs\simidisko\system\CodeIgniter.php(419): CodeIgniter\CodeIgniter->runController(Object(App\Controllers\Usermag))
#3 C:\xampp\htdocs\simidisko\system\CodeIgniter.php(326): CodeIgniter\CodeIgniter->handleRequest(NULL, Object(Config\Cache), false)
#4 C:\xampp\htdocs\simidisko\public\index.php(37): CodeIgniter\CodeIgniter->run()
#5 C:\xampp\htdocs\simidisko\system\Commands\Server\rewrite.php(43): require_once('C:\\xampp\\htdocs...')
#6 {main}
CRITICAL - 2022-06-06 00:41:46 --> Undefined index: role
#0 C:\xampp\htdocs\simidisko\app\Controllers\Usermag.php(378): CodeIgniter\Debug\Exceptions->errorHandler(8, 'Undefined index...', 'C:\\xampp\\htdocs...', 378, Array)
#1 C:\xampp\htdocs\simidisko\system\CodeIgniter.php(832): App\Controllers\Usermag->getdataprofile()
#2 C:\xampp\htdocs\simidisko\system\CodeIgniter.php(419): CodeIgniter\CodeIgniter->runController(Object(App\Controllers\Usermag))
#3 C:\xampp\htdocs\simidisko\system\CodeIgniter.php(326): CodeIgniter\CodeIgniter->handleRequest(NULL, Object(Config\Cache), false)
#4 C:\xampp\htdocs\simidisko\public\index.php(37): CodeIgniter\CodeIgniter->run()
#5 C:\xampp\htdocs\simidisko\system\Commands\Server\rewrite.php(43): require_once('C:\\xampp\\htdocs...')
#6 {main}
CRITICAL - 2022-06-06 00:42:19 --> Undefined index: users.id
#0 C:\xampp\htdocs\simidisko\app\Controllers\Usermag.php(374): CodeIgniter\Debug\Exceptions->errorHandler(8, 'Undefined index...', 'C:\\xampp\\htdocs...', 374, Array)
#1 C:\xampp\htdocs\simidisko\system\CodeIgniter.php(832): App\Controllers\Usermag->getdataprofile()
#2 C:\xampp\htdocs\simidisko\system\CodeIgniter.php(419): CodeIgniter\CodeIgniter->runController(Object(App\Controllers\Usermag))
#3 C:\xampp\htdocs\simidisko\system\CodeIgniter.php(326): CodeIgniter\CodeIgniter->handleRequest(NULL, Object(Config\Cache), false)
#4 C:\xampp\htdocs\simidisko\public\index.php(37): CodeIgniter\CodeIgniter->run()
#5 C:\xampp\htdocs\simidisko\system\Commands\Server\rewrite.php(43): require_once('C:\\xampp\\htdocs...')
#6 {main}
CRITICAL - 2022-06-06 00:43:10 --> Undefined index: name
#0 C:\xampp\htdocs\simidisko\app\Controllers\Usermag.php(378): CodeIgniter\Debug\Exceptions->errorHandler(8, 'Undefined index...', 'C:\\xampp\\htdocs...', 378, Array)
#1 C:\xampp\htdocs\simidisko\system\CodeIgniter.php(832): App\Controllers\Usermag->getdataprofile()
#2 C:\xampp\htdocs\simidisko\system\CodeIgniter.php(419): CodeIgniter\CodeIgniter->runController(Object(App\Controllers\Usermag))
#3 C:\xampp\htdocs\simidisko\system\CodeIgniter.php(326): CodeIgniter\CodeIgniter->handleRequest(NULL, Object(Config\Cache), false)
#4 C:\xampp\htdocs\simidisko\public\index.php(37): CodeIgniter\CodeIgniter->run()
#5 C:\xampp\htdocs\simidisko\system\Commands\Server\rewrite.php(43): require_once('C:\\xampp\\htdocs...')
#6 {main}
CRITICAL - 2022-06-06 00:43:34 --> Undefined index: groups.name
#0 C:\xampp\htdocs\simidisko\app\Controllers\Usermag.php(378): CodeIgniter\Debug\Exceptions->errorHandler(8, 'Undefined index...', 'C:\\xampp\\htdocs...', 378, Array)
#1 C:\xampp\htdocs\simidisko\system\CodeIgniter.php(832): App\Controllers\Usermag->getdataprofile()
#2 C:\xampp\htdocs\simidisko\system\CodeIgniter.php(419): CodeIgniter\CodeIgniter->runController(Object(App\Controllers\Usermag))
#3 C:\xampp\htdocs\simidisko\system\CodeIgniter.php(326): CodeIgniter\CodeIgniter->handleRequest(NULL, Object(Config\Cache), false)
#4 C:\xampp\htdocs\simidisko\public\index.php(37): CodeIgniter\CodeIgniter->run()
#5 C:\xampp\htdocs\simidisko\system\Commands\Server\rewrite.php(43): require_once('C:\\xampp\\htdocs...')
#6 {main}
CRITICAL - 2022-06-06 15:40:50 --> Undefined index: pemerintah
#0 C:\xampp\htdocs\simidisko\app\Controllers\Main.php(29): CodeIgniter\Debug\Exceptions->errorHandler(8, 'Undefined index...', 'C:\\xampp\\htdocs...', 29, Array)
#1 C:\xampp\htdocs\simidisko\system\CodeIgniter.php(832): App\Controllers\Main->datadashboard()
#2 C:\xampp\htdocs\simidisko\system\CodeIgniter.php(419): CodeIgniter\CodeIgniter->runController(Object(App\Controllers\Main))
#3 C:\xampp\htdocs\simidisko\system\CodeIgniter.php(326): CodeIgniter\CodeIgniter->handleRequest(NULL, Object(Config\Cache), false)
#4 C:\xampp\htdocs\simidisko\public\index.php(37): CodeIgniter\CodeIgniter->run()
#5 C:\xampp\htdocs\simidisko\system\Commands\Server\rewrite.php(43): require_once('C:\\xampp\\htdocs...')
#6 {main}
CRITICAL - 2022-06-06 15:41:06 --> Undefined index: jns
#0 C:\xampp\htdocs\simidisko\app\Controllers\Main.php(29): CodeIgniter\Debug\Exceptions->errorHandler(8, 'Undefined index...', 'C:\\xampp\\htdocs...', 29, Array)
#1 C:\xampp\htdocs\simidisko\system\CodeIgniter.php(832): App\Controllers\Main->datadashboard()
#2 C:\xampp\htdocs\simidisko\system\CodeIgniter.php(419): CodeIgniter\CodeIgniter->runController(Object(App\Controllers\Main))
#3 C:\xampp\htdocs\simidisko\system\CodeIgniter.php(326): CodeIgniter\CodeIgniter->handleRequest(NULL, Object(Config\Cache), false)
#4 C:\xampp\htdocs\simidisko\public\index.php(37): CodeIgniter\CodeIgniter->run()
#5 C:\xampp\htdocs\simidisko\system\Commands\Server\rewrite.php(43): require_once('C:\\xampp\\htdocs...')
#6 {main}
CRITICAL - 2022-06-06 15:41:42 --> Undefined index: jns
#0 C:\xampp\htdocs\simidisko\app\Controllers\Main.php(29): CodeIgniter\Debug\Exceptions->errorHandler(8, 'Undefined index...', 'C:\\xampp\\htdocs...', 29, Array)
#1 C:\xampp\htdocs\simidisko\system\CodeIgniter.php(832): App\Controllers\Main->datadashboard()
#2 C:\xampp\htdocs\simidisko\system\CodeIgniter.php(419): CodeIgniter\CodeIgniter->runController(Object(App\Controllers\Main))
#3 C:\xampp\htdocs\simidisko\system\CodeIgniter.php(326): CodeIgniter\CodeIgniter->handleRequest(NULL, Object(Config\Cache), false)
#4 C:\xampp\htdocs\simidisko\public\index.php(37): CodeIgniter\CodeIgniter->run()
#5 C:\xampp\htdocs\simidisko\system\Commands\Server\rewrite.php(43): require_once('C:\\xampp\\htdocs...')
#6 {main}
CRITICAL - 2022-06-06 15:42:01 --> Cannot use object of type stdClass as array
#0 C:\xampp\htdocs\simidisko\system\CodeIgniter.php(832): App\Controllers\Main->datadashboard()
#1 C:\xampp\htdocs\simidisko\system\CodeIgniter.php(419): CodeIgniter\CodeIgniter->runController(Object(App\Controllers\Main))
#2 C:\xampp\htdocs\simidisko\system\CodeIgniter.php(326): CodeIgniter\CodeIgniter->handleRequest(NULL, Object(Config\Cache), false)
#3 C:\xampp\htdocs\simidisko\public\index.php(37): CodeIgniter\CodeIgniter->run()
#4 C:\xampp\htdocs\simidisko\system\Commands\Server\rewrite.php(43): require_once('C:\\xampp\\htdocs...')
#5 {main}
CRITICAL - 2022-06-06 15:42:28 --> Call to undefined method CodeIgniter\Database\MySQLi\Result::get()
#0 C:\xampp\htdocs\simidisko\system\CodeIgniter.php(832): App\Controllers\Main->datadashboard()
#1 C:\xampp\htdocs\simidisko\system\CodeIgniter.php(419): CodeIgniter\CodeIgniter->runController(Object(App\Controllers\Main))
#2 C:\xampp\htdocs\simidisko\system\CodeIgniter.php(326): CodeIgniter\CodeIgniter->handleRequest(NULL, Object(Config\Cache), false)
#3 C:\xampp\htdocs\simidisko\public\index.php(37): CodeIgniter\CodeIgniter->run()
#4 C:\xampp\htdocs\simidisko\system\Commands\Server\rewrite.php(43): require_once('C:\\xampp\\htdocs...')
#5 {main}
CRITICAL - 2022-06-06 15:43:36 --> Call to undefined method CodeIgniter\Database\MySQLi\Result::get()
#0 C:\xampp\htdocs\simidisko\system\CodeIgniter.php(832): App\Controllers\Main->datadashboard()
#1 C:\xampp\htdocs\simidisko\system\CodeIgniter.php(419): CodeIgniter\CodeIgniter->runController(Object(App\Controllers\Main))
#2 C:\xampp\htdocs\simidisko\system\CodeIgniter.php(326): CodeIgniter\CodeIgniter->handleRequest(NULL, Object(Config\Cache), false)
#3 C:\xampp\htdocs\simidisko\public\index.php(37): CodeIgniter\CodeIgniter->run()
#4 C:\xampp\htdocs\simidisko\system\Commands\Server\rewrite.php(43): require_once('C:\\xampp\\htdocs...')
#5 {main}
