ERROR - 2022-06-04 00:00:05 --> You have an error in your SQL syntax; check the manual that corresponds to your MariaDB server version for the right syntax to use near '`detailpinjambarang`.`detbrgkode`' at line 1
CRITICAL - 2022-06-04 00:00:05 --> You have an error in your SQL syntax; check the manual that corresponds to your MariaDB server version for the right syntax to use near '`detailpinjambarang`.`detbrgkode`' at line 1
#0 C:\xampp\htdocs\simidisko\system\Database\MySQLi\Connection.php(292): mysqli->query('SHOW COLUMNS FR...', 0)
#1 C:\xampp\htdocs\simidisko\system\Database\BaseConnection.php(670): CodeIgniter\Database\MySQLi\Connection->execute('SHOW COLUMNS FR...')
#2 C:\xampp\htdocs\simidisko\system\Database\BaseConnection.php(598): CodeIgniter\Database\BaseConnection->simpleQuery('SHOW COLUMNS FR...')
#3 C:\xampp\htdocs\simidisko\system\Database\MySQLi\Connection.php(402): CodeIgniter\Database\BaseConnection->query('SHOW COLUMNS FR...')
#4 C:\xampp\htdocs\simidisko\system\Database\BaseConnection.php(1436): CodeIgniter\Database\MySQLi\Connection->_fieldData('`JOIN ``barang`...')
#5 C:\xampp\htdocs\simidisko\vendor\hermawan\codeigniter4-datatables\src\DataTableColumnDefs.php(351): CodeIgniter\Database\BaseConnection->getFieldData('JOIN `barang` O...')
#6 C:\xampp\htdocs\simidisko\vendor\hermawan\codeigniter4-datatables\src\DataTableColumnDefs.php(17): Hermawan\DataTables\DataTableColumnDefs->initFromBuilder(Object(CodeIgniter\Database\MySQLi\Builder))
#7 C:\xampp\htdocs\simidisko\vendor\hermawan\codeigniter4-datatables\src\DataTable.php(35): Hermawan\DataTables\DataTableColumnDefs->__construct(Object(CodeIgniter\Database\MySQLi\Builder))
#8 C:\xampp\htdocs\simidisko\vendor\hermawan\codeigniter4-datatables\src\DataTable.php(46): Hermawan\DataTables\DataTable->__construct(Object(CodeIgniter\Database\MySQLi\Builder))
#9 C:\xampp\htdocs\simidisko\app\Controllers\Pinjambarang.php(104): Hermawan\DataTables\DataTable::of(Object(App\Models\Modeldetailpinjambarang))
#10 C:\xampp\htdocs\simidisko\system\CodeIgniter.php(832): App\Controllers\Pinjambarang->listdetailitem('INV2205240001')
#11 C:\xampp\htdocs\simidisko\system\CodeIgniter.php(419): CodeIgniter\CodeIgniter->runController(Object(App\Controllers\Pinjambarang))
#12 C:\xampp\htdocs\simidisko\system\CodeIgniter.php(326): CodeIgniter\CodeIgniter->handleRequest(NULL, Object(Config\Cache), false)
#13 C:\xampp\htdocs\simidisko\public\index.php(37): CodeIgniter\CodeIgniter->run()
#14 C:\xampp\htdocs\simidisko\system\Commands\Server\rewrite.php(43): require_once('C:\\xampp\\htdocs...')
#15 {main}
ERROR - 2022-06-04 00:01:12 --> You have an error in your SQL syntax; check the manual that corresponds to your MariaDB server version for the right syntax to use near '`brgkode``=``detbrgkode`' at line 1
CRITICAL - 2022-06-04 00:01:12 --> You have an error in your SQL syntax; check the manual that corresponds to your MariaDB server version for the right syntax to use near '`brgkode``=``detbrgkode`' at line 1
#0 C:\xampp\htdocs\simidisko\system\Database\MySQLi\Connection.php(292): mysqli->query('SHOW COLUMNS FR...', 0)
#1 C:\xampp\htdocs\simidisko\system\Database\BaseConnection.php(670): CodeIgniter\Database\MySQLi\Connection->execute('SHOW COLUMNS FR...')
#2 C:\xampp\htdocs\simidisko\system\Database\BaseConnection.php(598): CodeIgniter\Database\BaseConnection->simpleQuery('SHOW COLUMNS FR...')
#3 C:\xampp\htdocs\simidisko\system\Database\MySQLi\Connection.php(402): CodeIgniter\Database\BaseConnection->query('SHOW COLUMNS FR...')
#4 C:\xampp\htdocs\simidisko\system\Database\BaseConnection.php(1436): CodeIgniter\Database\MySQLi\Connection->_fieldData('`JOIN ``barang`...')
#5 C:\xampp\htdocs\simidisko\vendor\hermawan\codeigniter4-datatables\src\DataTableColumnDefs.php(351): CodeIgniter\Database\BaseConnection->getFieldData('JOIN `barang` O...')
#6 C:\xampp\htdocs\simidisko\vendor\hermawan\codeigniter4-datatables\src\DataTableColumnDefs.php(17): Hermawan\DataTables\DataTableColumnDefs->initFromBuilder(Object(CodeIgniter\Database\MySQLi\Builder))
#7 C:\xampp\htdocs\simidisko\vendor\hermawan\codeigniter4-datatables\src\DataTable.php(35): Hermawan\DataTables\DataTableColumnDefs->__construct(Object(CodeIgniter\Database\MySQLi\Builder))
#8 C:\xampp\htdocs\simidisko\vendor\hermawan\codeigniter4-datatables\src\DataTable.php(46): Hermawan\DataTables\DataTable->__construct(Object(CodeIgniter\Database\MySQLi\Builder))
#9 C:\xampp\htdocs\simidisko\app\Controllers\Pinjambarang.php(104): Hermawan\DataTables\DataTable::of(Object(App\Models\Modeldetailpinjambarang))
#10 C:\xampp\htdocs\simidisko\system\CodeIgniter.php(832): App\Controllers\Pinjambarang->listdetailitem('INV2205240001')
#11 C:\xampp\htdocs\simidisko\system\CodeIgniter.php(419): CodeIgniter\CodeIgniter->runController(Object(App\Controllers\Pinjambarang))
#12 C:\xampp\htdocs\simidisko\system\CodeIgniter.php(326): CodeIgniter\CodeIgniter->handleRequest(NULL, Object(Config\Cache), false)
#13 C:\xampp\htdocs\simidisko\public\index.php(37): CodeIgniter\CodeIgniter->run()
#14 C:\xampp\htdocs\simidisko\system\Commands\Server\rewrite.php(43): require_once('C:\\xampp\\htdocs...')
#15 {main}
ERROR - 2022-06-04 00:01:46 --> You have an error in your SQL syntax; check the manual that corresponds to your MariaDB server version for the right syntax to use near '`barang`.`brgkode``=``detbrgkode`' at line 1
CRITICAL - 2022-06-04 00:01:46 --> You have an error in your SQL syntax; check the manual that corresponds to your MariaDB server version for the right syntax to use near '`barang`.`brgkode``=``detbrgkode`' at line 1
#0 C:\xampp\htdocs\simidisko\system\Database\MySQLi\Connection.php(292): mysqli->query('SHOW COLUMNS FR...', 0)
#1 C:\xampp\htdocs\simidisko\system\Database\BaseConnection.php(670): CodeIgniter\Database\MySQLi\Connection->execute('SHOW COLUMNS FR...')
#2 C:\xampp\htdocs\simidisko\system\Database\BaseConnection.php(598): CodeIgniter\Database\BaseConnection->simpleQuery('SHOW COLUMNS FR...')
#3 C:\xampp\htdocs\simidisko\system\Database\MySQLi\Connection.php(402): CodeIgniter\Database\BaseConnection->query('SHOW COLUMNS FR...')
#4 C:\xampp\htdocs\simidisko\system\Database\BaseConnection.php(1436): CodeIgniter\Database\MySQLi\Connection->_fieldData('`JOIN ``barang`...')
#5 C:\xampp\htdocs\simidisko\vendor\hermawan\codeigniter4-datatables\src\DataTableColumnDefs.php(351): CodeIgniter\Database\BaseConnection->getFieldData('JOIN `barang` O...')
#6 C:\xampp\htdocs\simidisko\vendor\hermawan\codeigniter4-datatables\src\DataTableColumnDefs.php(17): Hermawan\DataTables\DataTableColumnDefs->initFromBuilder(Object(CodeIgniter\Database\MySQLi\Builder))
#7 C:\xampp\htdocs\simidisko\vendor\hermawan\codeigniter4-datatables\src\DataTable.php(35): Hermawan\DataTables\DataTableColumnDefs->__construct(Object(CodeIgniter\Database\MySQLi\Builder))
#8 C:\xampp\htdocs\simidisko\vendor\hermawan\codeigniter4-datatables\src\DataTable.php(46): Hermawan\DataTables\DataTable->__construct(Object(CodeIgniter\Database\MySQLi\Builder))
#9 C:\xampp\htdocs\simidisko\app\Controllers\Pinjambarang.php(104): Hermawan\DataTables\DataTable::of(Object(App\Models\Modeldetailpinjambarang))
#10 C:\xampp\htdocs\simidisko\system\CodeIgniter.php(832): App\Controllers\Pinjambarang->listdetailitem('INV2205240001')
#11 C:\xampp\htdocs\simidisko\system\CodeIgniter.php(419): CodeIgniter\CodeIgniter->runController(Object(App\Controllers\Pinjambarang))
#12 C:\xampp\htdocs\simidisko\system\CodeIgniter.php(326): CodeIgniter\CodeIgniter->handleRequest(NULL, Object(Config\Cache), false)
#13 C:\xampp\htdocs\simidisko\public\index.php(37): CodeIgniter\CodeIgniter->run()
#14 C:\xampp\htdocs\simidisko\system\Commands\Server\rewrite.php(43): require_once('C:\\xampp\\htdocs...')
#15 {main}
