CRITICAL - 2022-06-05 00:12:06 --> There is no data to update.
#0 C:\xampp\htdocs\simidisko\system\BaseModel.php(846): CodeIgniter\Database\Exceptions\DataException::forEmptyDataset('update')
#1 C:\xampp\htdocs\simidisko\system\Model.php(651): CodeIgniter\BaseModel->update(Array, Array)
#2 C:\xampp\htdocs\simidisko\app\Controllers\Usermag.php(268): CodeIgniter\Model->update('2', Array)
#3 C:\xampp\htdocs\simidisko\system\CodeIgniter.php(832): App\Controllers\Usermag->update('2')
#4 C:\xampp\htdocs\simidisko\system\CodeIgniter.php(419): CodeIgniter\CodeIgniter->runController(Object(App\Controllers\Usermag))
#5 C:\xampp\htdocs\simidisko\system\CodeIgniter.php(326): CodeIgniter\CodeIgniter->handleRequest(NULL, Object(Config\Cache), false)
#6 C:\xampp\htdocs\simidisko\public\index.php(37): CodeIgniter\CodeIgniter->run()
#7 C:\xampp\htdocs\simidisko\system\Commands\Server\rewrite.php(43): require_once('C:\\xampp\\htdocs...')
#8 {main}
CRITICAL - 2022-06-05 11:21:36 --> There is no data to update.
#0 C:\xampp\htdocs\simidisko\system\BaseModel.php(846): CodeIgniter\Database\Exceptions\DataException::forEmptyDataset('update')
#1 C:\xampp\htdocs\simidisko\system\Model.php(651): CodeIgniter\BaseModel->update(Array, Array)
#2 C:\xampp\htdocs\simidisko\app\Controllers\Usermag.php(269): CodeIgniter\Model->update('2', Array)
#3 C:\xampp\htdocs\simidisko\system\CodeIgniter.php(832): App\Controllers\Usermag->update('2')
#4 C:\xampp\htdocs\simidisko\system\CodeIgniter.php(419): CodeIgniter\CodeIgniter->runController(Object(App\Controllers\Usermag))
#5 C:\xampp\htdocs\simidisko\system\CodeIgniter.php(326): CodeIgniter\CodeIgniter->handleRequest(NULL, Object(Config\Cache), false)
#6 C:\xampp\htdocs\simidisko\public\index.php(37): CodeIgniter\CodeIgniter->run()
#7 C:\xampp\htdocs\simidisko\system\Commands\Server\rewrite.php(43): require_once('C:\\xampp\\htdocs...')
#8 {main}
CRITICAL - 2022-06-05 11:41:26 --> There is no data to update.
#0 C:\xampp\htdocs\simidisko\system\BaseModel.php(846): CodeIgniter\Database\Exceptions\DataException::forEmptyDataset('update')
#1 C:\xampp\htdocs\simidisko\system\Model.php(651): CodeIgniter\BaseModel->update(Array, Array)
#2 C:\xampp\htdocs\simidisko\app\Controllers\Usermag.php(267): CodeIgniter\Model->update('4', Array)
#3 C:\xampp\htdocs\simidisko\system\CodeIgniter.php(832): App\Controllers\Usermag->update('4')
#4 C:\xampp\htdocs\simidisko\system\CodeIgniter.php(419): CodeIgniter\CodeIgniter->runController(Object(App\Controllers\Usermag))
#5 C:\xampp\htdocs\simidisko\system\CodeIgniter.php(326): CodeIgniter\CodeIgniter->handleRequest(NULL, Object(Config\Cache), false)
#6 C:\xampp\htdocs\simidisko\public\index.php(37): CodeIgniter\CodeIgniter->run()
#7 C:\xampp\htdocs\simidisko\system\Commands\Server\rewrite.php(43): require_once('C:\\xampp\\htdocs...')
#8 {main}
CRITICAL - 2022-06-05 11:42:08 --> Invalid file: admin/userlist/detail.php
#0 C:\xampp\htdocs\simidisko\system\View\View.php(198): CodeIgniter\Exceptions\FrameworkException::forInvalidFile('admin/userlist/...')
#1 C:\xampp\htdocs\simidisko\system\Common.php(1089): CodeIgniter\View\View->render('admin/userlist/...', Array, true)
#2 C:\xampp\htdocs\simidisko\app\Controllers\Usermag.php(361): view('admin/userlist/...', Array)
#3 C:\xampp\htdocs\simidisko\system\CodeIgniter.php(832): App\Controllers\Usermag->showdetail('4')
#4 C:\xampp\htdocs\simidisko\system\CodeIgniter.php(419): CodeIgniter\CodeIgniter->runController(Object(App\Controllers\Usermag))
#5 C:\xampp\htdocs\simidisko\system\CodeIgniter.php(326): CodeIgniter\CodeIgniter->handleRequest(NULL, Object(Config\Cache), false)
#6 C:\xampp\htdocs\simidisko\public\index.php(37): CodeIgniter\CodeIgniter->run()
#7 C:\xampp\htdocs\simidisko\system\Commands\Server\rewrite.php(43): require_once('C:\\xampp\\htdocs...')
#8 {main}
CRITICAL - 2022-06-05 11:45:54 --> There is no data to update.
#0 C:\xampp\htdocs\simidisko\system\BaseModel.php(846): CodeIgniter\Database\Exceptions\DataException::forEmptyDataset('update')
#1 C:\xampp\htdocs\simidisko\system\Model.php(651): CodeIgniter\BaseModel->update(Array, Array)
#2 C:\xampp\htdocs\simidisko\app\Controllers\Usermag.php(267): CodeIgniter\Model->update('4', Array)
#3 C:\xampp\htdocs\simidisko\system\CodeIgniter.php(832): App\Controllers\Usermag->update('4')
#4 C:\xampp\htdocs\simidisko\system\CodeIgniter.php(419): CodeIgniter\CodeIgniter->runController(Object(App\Controllers\Usermag))
#5 C:\xampp\htdocs\simidisko\system\CodeIgniter.php(326): CodeIgniter\CodeIgniter->handleRequest(NULL, Object(Config\Cache), false)
#6 C:\xampp\htdocs\simidisko\public\index.php(37): CodeIgniter\CodeIgniter->run()
#7 C:\xampp\htdocs\simidisko\system\Commands\Server\rewrite.php(43): require_once('C:\\xampp\\htdocs...')
#8 {main}
CRITICAL - 2022-06-05 11:49:21 --> Invalid file: admin/userlist/detail.php
#0 C:\xampp\htdocs\simidisko\system\View\View.php(198): CodeIgniter\Exceptions\FrameworkException::forInvalidFile('admin/userlist/...')
#1 C:\xampp\htdocs\simidisko\system\Common.php(1089): CodeIgniter\View\View->render('admin/userlist/...', Array, true)
#2 C:\xampp\htdocs\simidisko\app\Controllers\Usermag.php(361): view('admin/userlist/...', Array)
#3 C:\xampp\htdocs\simidisko\system\CodeIgniter.php(832): App\Controllers\Usermag->showdetail('5')
#4 C:\xampp\htdocs\simidisko\system\CodeIgniter.php(419): CodeIgniter\CodeIgniter->runController(Object(App\Controllers\Usermag))
#5 C:\xampp\htdocs\simidisko\system\CodeIgniter.php(326): CodeIgniter\CodeIgniter->handleRequest(NULL, Object(Config\Cache), false)
#6 C:\xampp\htdocs\simidisko\public\index.php(37): CodeIgniter\CodeIgniter->run()
#7 C:\xampp\htdocs\simidisko\system\Commands\Server\rewrite.php(43): require_once('C:\\xampp\\htdocs...')
#8 {main}
CRITICAL - 2022-06-05 11:52:05 --> Invalid file: admin/userlist/detail.php
#0 C:\xampp\htdocs\simidisko\system\View\View.php(198): CodeIgniter\Exceptions\FrameworkException::forInvalidFile('admin/userlist/...')
#1 C:\xampp\htdocs\simidisko\system\Common.php(1089): CodeIgniter\View\View->render('admin/userlist/...', Array, true)
#2 C:\xampp\htdocs\simidisko\app\Controllers\Usermag.php(361): view('admin/userlist/...', Array)
#3 C:\xampp\htdocs\simidisko\system\CodeIgniter.php(832): App\Controllers\Usermag->showdetail('6')
#4 C:\xampp\htdocs\simidisko\system\CodeIgniter.php(419): CodeIgniter\CodeIgniter->runController(Object(App\Controllers\Usermag))
#5 C:\xampp\htdocs\simidisko\system\CodeIgniter.php(326): CodeIgniter\CodeIgniter->handleRequest(NULL, Object(Config\Cache), false)
#6 C:\xampp\htdocs\simidisko\public\index.php(37): CodeIgniter\CodeIgniter->run()
#7 C:\xampp\htdocs\simidisko\system\Commands\Server\rewrite.php(43): require_once('C:\\xampp\\htdocs...')
#8 {main}
CRITICAL - 2022-06-05 12:07:05 --> Trying to get property 'id' of non-object
#0 C:\xampp\htdocs\simidisko\app\Models\UserModel.php(87): CodeIgniter\Debug\Exceptions->errorHandler(8, 'Trying to get p...', 'C:\\xampp\\htdocs...', 87, Array)
#1 C:\xampp\htdocs\simidisko\app\Controllers\Usermag.php(102): App\Models\UserModel->withGroup('')
#2 C:\xampp\htdocs\simidisko\system\CodeIgniter.php(832): App\Controllers\Usermag->store()
#3 C:\xampp\htdocs\simidisko\system\CodeIgniter.php(419): CodeIgniter\CodeIgniter->runController(Object(App\Controllers\Usermag))
#4 C:\xampp\htdocs\simidisko\system\CodeIgniter.php(326): CodeIgniter\CodeIgniter->handleRequest(NULL, Object(Config\Cache), false)
#5 C:\xampp\htdocs\simidisko\public\index.php(37): CodeIgniter\CodeIgniter->run()
#6 C:\xampp\htdocs\simidisko\system\Commands\Server\rewrite.php(43): require_once('C:\\xampp\\htdocs...')
#7 {main}
CRITICAL - 2022-06-05 12:13:10 --> There is no data to update.
#0 C:\xampp\htdocs\simidisko\system\BaseModel.php(846): CodeIgniter\Database\Exceptions\DataException::forEmptyDataset('update')
#1 C:\xampp\htdocs\simidisko\system\Model.php(651): CodeIgniter\BaseModel->update(Array, Array)
#2 C:\xampp\htdocs\simidisko\app\Controllers\Usermag.php(267): CodeIgniter\Model->update('8', Array)
#3 C:\xampp\htdocs\simidisko\system\CodeIgniter.php(832): App\Controllers\Usermag->update('8')
#4 C:\xampp\htdocs\simidisko\system\CodeIgniter.php(419): CodeIgniter\CodeIgniter->runController(Object(App\Controllers\Usermag))
#5 C:\xampp\htdocs\simidisko\system\CodeIgniter.php(326): CodeIgniter\CodeIgniter->handleRequest(NULL, Object(Config\Cache), false)
#6 C:\xampp\htdocs\simidisko\public\index.php(37): CodeIgniter\CodeIgniter->run()
#7 C:\xampp\htdocs\simidisko\system\Commands\Server\rewrite.php(43): require_once('C:\\xampp\\htdocs...')
#8 {main}
CRITICAL - 2022-06-05 12:13:34 --> There is no data to update.
#0 C:\xampp\htdocs\simidisko\system\BaseModel.php(846): CodeIgniter\Database\Exceptions\DataException::forEmptyDataset('update')
#1 C:\xampp\htdocs\simidisko\system\Model.php(651): CodeIgniter\BaseModel->update(Array, Array)
#2 C:\xampp\htdocs\simidisko\app\Controllers\Usermag.php(267): CodeIgniter\Model->update('8', Array)
#3 C:\xampp\htdocs\simidisko\system\CodeIgniter.php(832): App\Controllers\Usermag->update('8')
#4 C:\xampp\htdocs\simidisko\system\CodeIgniter.php(419): CodeIgniter\CodeIgniter->runController(Object(App\Controllers\Usermag))
#5 C:\xampp\htdocs\simidisko\system\CodeIgniter.php(326): CodeIgniter\CodeIgniter->handleRequest(NULL, Object(Config\Cache), false)
#6 C:\xampp\htdocs\simidisko\public\index.php(37): CodeIgniter\CodeIgniter->run()
#7 C:\xampp\htdocs\simidisko\system\Commands\Server\rewrite.php(43): require_once('C:\\xampp\\htdocs...')
#8 {main}
CRITICAL - 2022-06-05 12:25:24 --> Invalid file: admin/userlist/detail.php
#0 C:\xampp\htdocs\simidisko\system\View\View.php(198): CodeIgniter\Exceptions\FrameworkException::forInvalidFile('admin/userlist/...')
#1 C:\xampp\htdocs\simidisko\system\Common.php(1089): CodeIgniter\View\View->render('admin/userlist/...', Array, true)
#2 C:\xampp\htdocs\simidisko\app\Controllers\Usermag.php(361): view('admin/userlist/...', Array)
#3 C:\xampp\htdocs\simidisko\system\CodeIgniter.php(832): App\Controllers\Usermag->showdetail('10')
#4 C:\xampp\htdocs\simidisko\system\CodeIgniter.php(419): CodeIgniter\CodeIgniter->runController(Object(App\Controllers\Usermag))
#5 C:\xampp\htdocs\simidisko\system\CodeIgniter.php(326): CodeIgniter\CodeIgniter->handleRequest(NULL, Object(Config\Cache), false)
#6 C:\xampp\htdocs\simidisko\public\index.php(37): CodeIgniter\CodeIgniter->run()
#7 C:\xampp\htdocs\simidisko\system\Commands\Server\rewrite.php(43): require_once('C:\\xampp\\htdocs...')
#8 {main}
