CRITICAL - 2022-05-30 21:30:08 --> Array to string conversion
#0 C:\xampp\htdocs\simidisko\app\Controllers\Lpb.php(65): CodeIgniter\Debug\Exceptions->errorHandler(8, 'Array to string...', 'C:\\xampp\\htdocs...', 65, Array)
#1 C:\xampp\htdocs\simidisko\system\CodeIgniter.php(832): App\Controllers\Lpb->listdata()
#2 C:\xampp\htdocs\simidisko\system\CodeIgniter.php(419): CodeIgniter\CodeIgniter->runController(Object(App\Controllers\Lpb))
#3 C:\xampp\htdocs\simidisko\system\CodeIgniter.php(326): CodeIgniter\CodeIgniter->handleRequest(NULL, Object(Config\Cache), false)
#4 C:\xampp\htdocs\simidisko\public\index.php(37): CodeIgniter\CodeIgniter->run()
#5 C:\xampp\htdocs\simidisko\system\Commands\Server\rewrite.php(43): require_once('C:\\xampp\\htdocs...')
#6 {main}
CRITICAL - 2022-05-30 21:31:56 --> Trying to access array offset on value of type int
#0 C:\xampp\htdocs\simidisko\app\Controllers\Lpb.php(70): CodeIgniter\Debug\Exceptions->errorHandler(8, 'Trying to acces...', 'C:\\xampp\\htdocs...', 70, Array)
#1 C:\xampp\htdocs\simidisko\system\CodeIgniter.php(832): App\Controllers\Lpb->listdata()
#2 C:\xampp\htdocs\simidisko\system\CodeIgniter.php(419): CodeIgniter\CodeIgniter->runController(Object(App\Controllers\Lpb))
#3 C:\xampp\htdocs\simidisko\system\CodeIgniter.php(326): CodeIgniter\CodeIgniter->handleRequest(NULL, Object(Config\Cache), false)
#4 C:\xampp\htdocs\simidisko\public\index.php(37): CodeIgniter\CodeIgniter->run()
#5 C:\xampp\htdocs\simidisko\system\Commands\Server\rewrite.php(43): require_once('C:\\xampp\\htdocs...')
#6 {main}
CRITICAL - 2022-05-30 21:33:45 --> Cannot use a scalar value as an array
#0 C:\xampp\htdocs\simidisko\app\Controllers\Lpb.php(66): CodeIgniter\Debug\Exceptions->errorHandler(2, 'Cannot use a sc...', 'C:\\xampp\\htdocs...', 66, Array)
#1 C:\xampp\htdocs\simidisko\system\CodeIgniter.php(832): App\Controllers\Lpb->listdata()
#2 C:\xampp\htdocs\simidisko\system\CodeIgniter.php(419): CodeIgniter\CodeIgniter->runController(Object(App\Controllers\Lpb))
#3 C:\xampp\htdocs\simidisko\system\CodeIgniter.php(326): CodeIgniter\CodeIgniter->handleRequest(NULL, Object(Config\Cache), false)
#4 C:\xampp\htdocs\simidisko\public\index.php(37): CodeIgniter\CodeIgniter->run()
#5 C:\xampp\htdocs\simidisko\system\Commands\Server\rewrite.php(43): require_once('C:\\xampp\\htdocs...')
#6 {main}
CRITICAL - 2022-05-30 21:34:19 --> Array to string conversion
#0 C:\xampp\htdocs\simidisko\app\Controllers\Lpb.php(70): CodeIgniter\Debug\Exceptions->errorHandler(8, 'Array to string...', 'C:\\xampp\\htdocs...', 70, Array)
#1 C:\xampp\htdocs\simidisko\system\CodeIgniter.php(832): App\Controllers\Lpb->listdata()
#2 C:\xampp\htdocs\simidisko\system\CodeIgniter.php(419): CodeIgniter\CodeIgniter->runController(Object(App\Controllers\Lpb))
#3 C:\xampp\htdocs\simidisko\system\CodeIgniter.php(326): CodeIgniter\CodeIgniter->handleRequest(NULL, Object(Config\Cache), false)
#4 C:\xampp\htdocs\simidisko\public\index.php(37): CodeIgniter\CodeIgniter->run()
#5 C:\xampp\htdocs\simidisko\system\Commands\Server\rewrite.php(43): require_once('C:\\xampp\\htdocs...')
#6 {main}
CRITICAL - 2022-05-30 21:34:20 --> Array to string conversion
#0 C:\xampp\htdocs\simidisko\app\Controllers\Lpb.php(70): CodeIgniter\Debug\Exceptions->errorHandler(8, 'Array to string...', 'C:\\xampp\\htdocs...', 70, Array)
#1 C:\xampp\htdocs\simidisko\system\CodeIgniter.php(832): App\Controllers\Lpb->listdata()
#2 C:\xampp\htdocs\simidisko\system\CodeIgniter.php(419): CodeIgniter\CodeIgniter->runController(Object(App\Controllers\Lpb))
#3 C:\xampp\htdocs\simidisko\system\CodeIgniter.php(326): CodeIgniter\CodeIgniter->handleRequest(NULL, Object(Config\Cache), false)
#4 C:\xampp\htdocs\simidisko\public\index.php(37): CodeIgniter\CodeIgniter->run()
#5 C:\xampp\htdocs\simidisko\system\Commands\Server\rewrite.php(43): require_once('C:\\xampp\\htdocs...')
#6 {main}
CRITICAL - 2022-05-30 21:36:08 --> Array to string conversion
#0 C:\xampp\htdocs\simidisko\app\Controllers\Lpb.php(70): CodeIgniter\Debug\Exceptions->errorHandler(8, 'Array to string...', 'C:\\xampp\\htdocs...', 70, Array)
#1 C:\xampp\htdocs\simidisko\system\CodeIgniter.php(832): App\Controllers\Lpb->listdata()
#2 C:\xampp\htdocs\simidisko\system\CodeIgniter.php(419): CodeIgniter\CodeIgniter->runController(Object(App\Controllers\Lpb))
#3 C:\xampp\htdocs\simidisko\system\CodeIgniter.php(326): CodeIgniter\CodeIgniter->handleRequest(NULL, Object(Config\Cache), false)
#4 C:\xampp\htdocs\simidisko\public\index.php(37): CodeIgniter\CodeIgniter->run()
#5 C:\xampp\htdocs\simidisko\system\Commands\Server\rewrite.php(43): require_once('C:\\xampp\\htdocs...')
#6 {main}
CRITICAL - 2022-05-30 21:36:09 --> Array to string conversion
#0 C:\xampp\htdocs\simidisko\app\Controllers\Lpb.php(70): CodeIgniter\Debug\Exceptions->errorHandler(8, 'Array to string...', 'C:\\xampp\\htdocs...', 70, Array)
#1 C:\xampp\htdocs\simidisko\system\CodeIgniter.php(832): App\Controllers\Lpb->listdata()
#2 C:\xampp\htdocs\simidisko\system\CodeIgniter.php(419): CodeIgniter\CodeIgniter->runController(Object(App\Controllers\Lpb))
#3 C:\xampp\htdocs\simidisko\system\CodeIgniter.php(326): CodeIgniter\CodeIgniter->handleRequest(NULL, Object(Config\Cache), false)
#4 C:\xampp\htdocs\simidisko\public\index.php(37): CodeIgniter\CodeIgniter->run()
#5 C:\xampp\htdocs\simidisko\system\Commands\Server\rewrite.php(43): require_once('C:\\xampp\\htdocs...')
#6 {main}
CRITICAL - 2022-05-30 21:37:19 --> preg_split(): No ending delimiter '-' found
#0 [internal function]: CodeIgniter\Debug\Exceptions->errorHandler(2, 'preg_split(): N...', 'C:\\xampp\\htdocs...', 63, Array)
#1 C:\xampp\htdocs\simidisko\app\Controllers\Lpb.php(63): preg_split('-', '05/31/2022 - 05...')
#2 C:\xampp\htdocs\simidisko\system\CodeIgniter.php(832): App\Controllers\Lpb->listdata()
#3 C:\xampp\htdocs\simidisko\system\CodeIgniter.php(419): CodeIgniter\CodeIgniter->runController(Object(App\Controllers\Lpb))
#4 C:\xampp\htdocs\simidisko\system\CodeIgniter.php(326): CodeIgniter\CodeIgniter->handleRequest(NULL, Object(Config\Cache), false)
#5 C:\xampp\htdocs\simidisko\public\index.php(37): CodeIgniter\CodeIgniter->run()
#6 C:\xampp\htdocs\simidisko\system\Commands\Server\rewrite.php(43): require_once('C:\\xampp\\htdocs...')
#7 {main}
CRITICAL - 2022-05-30 21:37:37 --> preg_split(): No ending delimiter '-' found
#0 [internal function]: CodeIgniter\Debug\Exceptions->errorHandler(2, 'preg_split(): N...', 'C:\\xampp\\htdocs...', 63, Array)
#1 C:\xampp\htdocs\simidisko\app\Controllers\Lpb.php(63): preg_split(' - ', '05/31/2022 - 05...')
#2 C:\xampp\htdocs\simidisko\system\CodeIgniter.php(832): App\Controllers\Lpb->listdata()
#3 C:\xampp\htdocs\simidisko\system\CodeIgniter.php(419): CodeIgniter\CodeIgniter->runController(Object(App\Controllers\Lpb))
#4 C:\xampp\htdocs\simidisko\system\CodeIgniter.php(326): CodeIgniter\CodeIgniter->handleRequest(NULL, Object(Config\Cache), false)
#5 C:\xampp\htdocs\simidisko\public\index.php(37): CodeIgniter\CodeIgniter->run()
#6 C:\xampp\htdocs\simidisko\system\Commands\Server\rewrite.php(43): require_once('C:\\xampp\\htdocs...')
#7 {main}
CRITICAL - 2022-05-30 21:39:21 --> Array to string conversion
#0 C:\xampp\htdocs\simidisko\app\Controllers\Lpb.php(70): CodeIgniter\Debug\Exceptions->errorHandler(8, 'Array to string...', 'C:\\xampp\\htdocs...', 70, Array)
#1 C:\xampp\htdocs\simidisko\system\CodeIgniter.php(832): App\Controllers\Lpb->listdata()
#2 C:\xampp\htdocs\simidisko\system\CodeIgniter.php(419): CodeIgniter\CodeIgniter->runController(Object(App\Controllers\Lpb))
#3 C:\xampp\htdocs\simidisko\system\CodeIgniter.php(326): CodeIgniter\CodeIgniter->handleRequest(NULL, Object(Config\Cache), false)
#4 C:\xampp\htdocs\simidisko\public\index.php(37): CodeIgniter\CodeIgniter->run()
#5 C:\xampp\htdocs\simidisko\system\Commands\Server\rewrite.php(43): require_once('C:\\xampp\\htdocs...')
#6 {main}
CRITICAL - 2022-05-30 21:40:16 --> Array to string conversion
#0 C:\xampp\htdocs\simidisko\app\Controllers\Lpb.php(72): CodeIgniter\Debug\Exceptions->errorHandler(8, 'Array to string...', 'C:\\xampp\\htdocs...', 72, Array)
#1 C:\xampp\htdocs\simidisko\system\CodeIgniter.php(832): App\Controllers\Lpb->listdata()
#2 C:\xampp\htdocs\simidisko\system\CodeIgniter.php(419): CodeIgniter\CodeIgniter->runController(Object(App\Controllers\Lpb))
#3 C:\xampp\htdocs\simidisko\system\CodeIgniter.php(326): CodeIgniter\CodeIgniter->handleRequest(NULL, Object(Config\Cache), false)
#4 C:\xampp\htdocs\simidisko\public\index.php(37): CodeIgniter\CodeIgniter->run()
#5 C:\xampp\htdocs\simidisko\system\Commands\Server\rewrite.php(43): require_once('C:\\xampp\\htdocs...')
#6 {main}
CRITICAL - 2022-05-30 22:00:44 --> Array to string conversion
#0 C:\xampp\htdocs\simidisko\app\Controllers\Lpb.php(66): CodeIgniter\Debug\Exceptions->errorHandler(8, 'Array to string...', 'C:\\xampp\\htdocs...', 66, Array)
#1 C:\xampp\htdocs\simidisko\system\CodeIgniter.php(832): App\Controllers\Lpb->listdata()
#2 C:\xampp\htdocs\simidisko\system\CodeIgniter.php(419): CodeIgniter\CodeIgniter->runController(Object(App\Controllers\Lpb))
#3 C:\xampp\htdocs\simidisko\system\CodeIgniter.php(326): CodeIgniter\CodeIgniter->handleRequest(NULL, Object(Config\Cache), false)
#4 C:\xampp\htdocs\simidisko\public\index.php(37): CodeIgniter\CodeIgniter->run()
#5 C:\xampp\htdocs\simidisko\system\Commands\Server\rewrite.php(43): require_once('C:\\xampp\\htdocs...')
#6 {main}
CRITICAL - 2022-05-30 22:00:48 --> Array to string conversion
#0 C:\xampp\htdocs\simidisko\app\Controllers\Lpb.php(66): CodeIgniter\Debug\Exceptions->errorHandler(8, 'Array to string...', 'C:\\xampp\\htdocs...', 66, Array)
#1 C:\xampp\htdocs\simidisko\system\CodeIgniter.php(832): App\Controllers\Lpb->listdata()
#2 C:\xampp\htdocs\simidisko\system\CodeIgniter.php(419): CodeIgniter\CodeIgniter->runController(Object(App\Controllers\Lpb))
#3 C:\xampp\htdocs\simidisko\system\CodeIgniter.php(326): CodeIgniter\CodeIgniter->handleRequest(NULL, Object(Config\Cache), false)
#4 C:\xampp\htdocs\simidisko\public\index.php(37): CodeIgniter\CodeIgniter->run()
#5 C:\xampp\htdocs\simidisko\system\Commands\Server\rewrite.php(43): require_once('C:\\xampp\\htdocs...')
#6 {main}
CRITICAL - 2022-05-30 22:29:51 --> Undefined variable: totaldata
#0 C:\xampp\htdocs\simidisko\app\Views\laporan\tabeldata.php(2): CodeIgniter\Debug\Exceptions->errorHandler(8, 'Undefined varia...', 'C:\\xampp\\htdocs...', 2, Array)
#1 C:\xampp\htdocs\simidisko\system\View\View.php(210): include('C:\\xampp\\htdocs...')
#2 C:\xampp\htdocs\simidisko\system\View\View.php(213): CodeIgniter\View\View->CodeIgniter\View\{closure}()
#3 C:\xampp\htdocs\simidisko\system\Common.php(1089): CodeIgniter\View\View->render('laporan/tabelda...', Array, true)
#4 C:\xampp\htdocs\simidisko\app\Controllers\Lpb.php(70): view('laporan/tabelda...', Array)
#5 C:\xampp\htdocs\simidisko\system\CodeIgniter.php(832): App\Controllers\Lpb->listdata()
#6 C:\xampp\htdocs\simidisko\system\CodeIgniter.php(419): CodeIgniter\CodeIgniter->runController(Object(App\Controllers\Lpb))
#7 C:\xampp\htdocs\simidisko\system\CodeIgniter.php(326): CodeIgniter\CodeIgniter->handleRequest(NULL, Object(Config\Cache), false)
#8 C:\xampp\htdocs\simidisko\public\index.php(37): CodeIgniter\CodeIgniter->run()
#9 C:\xampp\htdocs\simidisko\system\Commands\Server\rewrite.php(43): require_once('C:\\xampp\\htdocs...')
#10 {main}
CRITICAL - 2022-05-30 23:19:54 --> Undefined variable: nohal
#0 C:\xampp\htdocs\simidisko\app\Views\laporan\tabeldata.php(16): CodeIgniter\Debug\Exceptions->errorHandler(8, 'Undefined varia...', 'C:\\xampp\\htdocs...', 16, Array)
#1 C:\xampp\htdocs\simidisko\system\View\View.php(210): include('C:\\xampp\\htdocs...')
#2 C:\xampp\htdocs\simidisko\system\View\View.php(213): CodeIgniter\View\View->CodeIgniter\View\{closure}()
#3 C:\xampp\htdocs\simidisko\system\Common.php(1089): CodeIgniter\View\View->render('laporan/tabelda...', Array, true)
#4 C:\xampp\htdocs\simidisko\app\Controllers\Lpb.php(70): view('laporan/tabelda...', Array)
#5 C:\xampp\htdocs\simidisko\system\CodeIgniter.php(832): App\Controllers\Lpb->listdata()
#6 C:\xampp\htdocs\simidisko\system\CodeIgniter.php(419): CodeIgniter\CodeIgniter->runController(Object(App\Controllers\Lpb))
#7 C:\xampp\htdocs\simidisko\system\CodeIgniter.php(326): CodeIgniter\CodeIgniter->handleRequest(NULL, Object(Config\Cache), false)
#8 C:\xampp\htdocs\simidisko\public\index.php(37): CodeIgniter\CodeIgniter->run()
#9 C:\xampp\htdocs\simidisko\system\Commands\Server\rewrite.php(43): require_once('C:\\xampp\\htdocs...')
#10 {main}
CRITICAL - 2022-05-30 23:20:34 --> Trying to access array offset on value of type null
#0 C:\xampp\htdocs\simidisko\app\Views\laporan\tabeldata.php(22): CodeIgniter\Debug\Exceptions->errorHandler(8, 'Trying to acces...', 'C:\\xampp\\htdocs...', 22, Array)
#1 C:\xampp\htdocs\simidisko\system\View\View.php(210): include('C:\\xampp\\htdocs...')
#2 C:\xampp\htdocs\simidisko\system\View\View.php(213): CodeIgniter\View\View->CodeIgniter\View\{closure}()
#3 C:\xampp\htdocs\simidisko\system\Common.php(1089): CodeIgniter\View\View->render('laporan/tabelda...', Array, true)
#4 C:\xampp\htdocs\simidisko\app\Controllers\Lpb.php(70): view('laporan/tabelda...', Array)
#5 C:\xampp\htdocs\simidisko\system\CodeIgniter.php(832): App\Controllers\Lpb->listdata()
#6 C:\xampp\htdocs\simidisko\system\CodeIgniter.php(419): CodeIgniter\CodeIgniter->runController(Object(App\Controllers\Lpb))
#7 C:\xampp\htdocs\simidisko\system\CodeIgniter.php(326): CodeIgniter\CodeIgniter->handleRequest(NULL, Object(Config\Cache), false)
#8 C:\xampp\htdocs\simidisko\public\index.php(37): CodeIgniter\CodeIgniter->run()
#9 C:\xampp\htdocs\simidisko\system\Commands\Server\rewrite.php(43): require_once('C:\\xampp\\htdocs...')
#10 {main}
CRITICAL - 2022-05-30 23:23:17 --> Cannot use object of type mysqli as array
#0 C:\xampp\htdocs\simidisko\system\View\View.php(210): include()
#1 C:\xampp\htdocs\simidisko\system\View\View.php(213): CodeIgniter\View\View->CodeIgniter\View\{closure}()
#2 C:\xampp\htdocs\simidisko\system\Common.php(1089): CodeIgniter\View\View->render('laporan/tabelda...', Array, true)
#3 C:\xampp\htdocs\simidisko\app\Controllers\Lpb.php(70): view('laporan/tabelda...', Array)
#4 C:\xampp\htdocs\simidisko\system\CodeIgniter.php(832): App\Controllers\Lpb->listdata()
#5 C:\xampp\htdocs\simidisko\system\CodeIgniter.php(419): CodeIgniter\CodeIgniter->runController(Object(App\Controllers\Lpb))
#6 C:\xampp\htdocs\simidisko\system\CodeIgniter.php(326): CodeIgniter\CodeIgniter->handleRequest(NULL, Object(Config\Cache), false)
#7 C:\xampp\htdocs\simidisko\public\index.php(37): CodeIgniter\CodeIgniter->run()
#8 C:\xampp\htdocs\simidisko\system\Commands\Server\rewrite.php(43): require_once('C:\\xampp\\htdocs...')
#9 {main}
CRITICAL - 2022-05-30 23:24:06 --> Call to undefined method App\Models\Modelkembalibarang::resultArray
#0 C:\xampp\htdocs\simidisko\app\Views\laporan\tabeldata.php(18): CodeIgniter\Model->__call('resultArray', Array)
#1 C:\xampp\htdocs\simidisko\system\View\View.php(210): include('C:\\xampp\\htdocs...')
#2 C:\xampp\htdocs\simidisko\system\View\View.php(213): CodeIgniter\View\View->CodeIgniter\View\{closure}()
#3 C:\xampp\htdocs\simidisko\system\Common.php(1089): CodeIgniter\View\View->render('laporan/tabelda...', Array, true)
#4 C:\xampp\htdocs\simidisko\app\Controllers\Lpb.php(70): view('laporan/tabelda...', Array)
#5 C:\xampp\htdocs\simidisko\system\CodeIgniter.php(832): App\Controllers\Lpb->listdata()
#6 C:\xampp\htdocs\simidisko\system\CodeIgniter.php(419): CodeIgniter\CodeIgniter->runController(Object(App\Controllers\Lpb))
#7 C:\xampp\htdocs\simidisko\system\CodeIgniter.php(326): CodeIgniter\CodeIgniter->handleRequest(NULL, Object(Config\Cache), false)
#8 C:\xampp\htdocs\simidisko\public\index.php(37): CodeIgniter\CodeIgniter->run()
#9 C:\xampp\htdocs\simidisko\system\Commands\Server\rewrite.php(43): require_once('C:\\xampp\\htdocs...')
#10 {main}
CRITICAL - 2022-05-30 23:25:24 --> Call to undefined method App\Models\Modelkembalibarang::getResultArray
#0 C:\xampp\htdocs\simidisko\app\Views\laporan\tabeldata.php(18): CodeIgniter\Model->__call('getResultArray', Array)
#1 C:\xampp\htdocs\simidisko\system\View\View.php(210): include('C:\\xampp\\htdocs...')
#2 C:\xampp\htdocs\simidisko\system\View\View.php(213): CodeIgniter\View\View->CodeIgniter\View\{closure}()
#3 C:\xampp\htdocs\simidisko\system\Common.php(1089): CodeIgniter\View\View->render('laporan/tabelda...', Array, true)
#4 C:\xampp\htdocs\simidisko\app\Controllers\Lpb.php(70): view('laporan/tabelda...', Array)
#5 C:\xampp\htdocs\simidisko\system\CodeIgniter.php(832): App\Controllers\Lpb->listdata()
#6 C:\xampp\htdocs\simidisko\system\CodeIgniter.php(419): CodeIgniter\CodeIgniter->runController(Object(App\Controllers\Lpb))
#7 C:\xampp\htdocs\simidisko\system\CodeIgniter.php(326): CodeIgniter\CodeIgniter->handleRequest(NULL, Object(Config\Cache), false)
#8 C:\xampp\htdocs\simidisko\public\index.php(37): CodeIgniter\CodeIgniter->run()
#9 C:\xampp\htdocs\simidisko\system\Commands\Server\rewrite.php(43): require_once('C:\\xampp\\htdocs...')
#10 {main}
CRITICAL - 2022-05-30 23:28:09 --> Call to undefined method App\Models\Modelkembalibarang::getResultArray
#0 C:\xampp\htdocs\simidisko\app\Views\laporan\tabeldata.php(18): CodeIgniter\Model->__call('getResultArray', Array)
#1 C:\xampp\htdocs\simidisko\system\View\View.php(210): include('C:\\xampp\\htdocs...')
#2 C:\xampp\htdocs\simidisko\system\View\View.php(213): CodeIgniter\View\View->CodeIgniter\View\{closure}()
#3 C:\xampp\htdocs\simidisko\system\Common.php(1089): CodeIgniter\View\View->render('laporan/tabelda...', Array, true)
#4 C:\xampp\htdocs\simidisko\app\Controllers\Lpb.php(70): view('laporan/tabelda...', Array)
#5 C:\xampp\htdocs\simidisko\system\CodeIgniter.php(832): App\Controllers\Lpb->listdata()
#6 C:\xampp\htdocs\simidisko\system\CodeIgniter.php(419): CodeIgniter\CodeIgniter->runController(Object(App\Controllers\Lpb))
#7 C:\xampp\htdocs\simidisko\system\CodeIgniter.php(326): CodeIgniter\CodeIgniter->handleRequest(NULL, Object(Config\Cache), false)
#8 C:\xampp\htdocs\simidisko\public\index.php(37): CodeIgniter\CodeIgniter->run()
#9 C:\xampp\htdocs\simidisko\system\Commands\Server\rewrite.php(43): require_once('C:\\xampp\\htdocs...')
#10 {main}
CRITICAL - 2022-05-30 23:34:09 --> Call to undefined method App\Models\Modelkembalibarang::getResultArray
#0 C:\xampp\htdocs\simidisko\app\Views\laporan\tabeldata.php(18): CodeIgniter\Model->__call('getResultArray', Array)
#1 C:\xampp\htdocs\simidisko\system\View\View.php(210): include('C:\\xampp\\htdocs...')
#2 C:\xampp\htdocs\simidisko\system\View\View.php(213): CodeIgniter\View\View->CodeIgniter\View\{closure}()
#3 C:\xampp\htdocs\simidisko\system\Common.php(1089): CodeIgniter\View\View->render('laporan/tabelda...', Array, true)
#4 C:\xampp\htdocs\simidisko\app\Controllers\Lpb.php(70): view('laporan/tabelda...', Array)
#5 C:\xampp\htdocs\simidisko\system\CodeIgniter.php(832): App\Controllers\Lpb->listdata()
#6 C:\xampp\htdocs\simidisko\system\CodeIgniter.php(419): CodeIgniter\CodeIgniter->runController(Object(App\Controllers\Lpb))
#7 C:\xampp\htdocs\simidisko\system\CodeIgniter.php(326): CodeIgniter\CodeIgniter->handleRequest(NULL, Object(Config\Cache), false)
#8 C:\xampp\htdocs\simidisko\public\index.php(37): CodeIgniter\CodeIgniter->run()
#9 C:\xampp\htdocs\simidisko\system\Commands\Server\rewrite.php(43): require_once('C:\\xampp\\htdocs...')
#10 {main}
CRITICAL - 2022-05-30 23:34:48 --> Trying to access array offset on value of type null
#0 C:\xampp\htdocs\simidisko\app\Views\laporan\tabeldata.php(22): CodeIgniter\Debug\Exceptions->errorHandler(8, 'Trying to acces...', 'C:\\xampp\\htdocs...', 22, Array)
#1 C:\xampp\htdocs\simidisko\system\View\View.php(210): include('C:\\xampp\\htdocs...')
#2 C:\xampp\htdocs\simidisko\system\View\View.php(213): CodeIgniter\View\View->CodeIgniter\View\{closure}()
#3 C:\xampp\htdocs\simidisko\system\Common.php(1089): CodeIgniter\View\View->render('laporan/tabelda...', Array, true)
#4 C:\xampp\htdocs\simidisko\app\Controllers\Lpb.php(70): view('laporan/tabelda...', Array)
#5 C:\xampp\htdocs\simidisko\system\CodeIgniter.php(832): App\Controllers\Lpb->listdata()
#6 C:\xampp\htdocs\simidisko\system\CodeIgniter.php(419): CodeIgniter\CodeIgniter->runController(Object(App\Controllers\Lpb))
#7 C:\xampp\htdocs\simidisko\system\CodeIgniter.php(326): CodeIgniter\CodeIgniter->handleRequest(NULL, Object(Config\Cache), false)
#8 C:\xampp\htdocs\simidisko\public\index.php(37): CodeIgniter\CodeIgniter->run()
#9 C:\xampp\htdocs\simidisko\system\Commands\Server\rewrite.php(43): require_once('C:\\xampp\\htdocs...')
#10 {main}
CRITICAL - 2022-05-30 23:40:27 --> Cannot use object of type mysqli as array
#0 C:\xampp\htdocs\simidisko\system\View\View.php(210): include()
#1 C:\xampp\htdocs\simidisko\system\View\View.php(213): CodeIgniter\View\View->CodeIgniter\View\{closure}()
#2 C:\xampp\htdocs\simidisko\system\Common.php(1089): CodeIgniter\View\View->render('laporan/tabelda...', Array, true)
#3 C:\xampp\htdocs\simidisko\app\Controllers\Lpb.php(71): view('laporan/tabelda...', Array)
#4 C:\xampp\htdocs\simidisko\system\CodeIgniter.php(832): App\Controllers\Lpb->listdata()
#5 C:\xampp\htdocs\simidisko\system\CodeIgniter.php(419): CodeIgniter\CodeIgniter->runController(Object(App\Controllers\Lpb))
#6 C:\xampp\htdocs\simidisko\system\CodeIgniter.php(326): CodeIgniter\CodeIgniter->handleRequest(NULL, Object(Config\Cache), false)
#7 C:\xampp\htdocs\simidisko\public\index.php(37): CodeIgniter\CodeIgniter->run()
#8 C:\xampp\htdocs\simidisko\system\Commands\Server\rewrite.php(43): require_once('C:\\xampp\\htdocs...')
#9 {main}
CRITICAL - 2022-05-30 23:41:09 --> Cannot use object of type stdClass as array
#0 C:\xampp\htdocs\simidisko\system\View\View.php(210): include()
#1 C:\xampp\htdocs\simidisko\system\View\View.php(213): CodeIgniter\View\View->CodeIgniter\View\{closure}()
#2 C:\xampp\htdocs\simidisko\system\Common.php(1089): CodeIgniter\View\View->render('laporan/tabelda...', Array, true)
#3 C:\xampp\htdocs\simidisko\app\Controllers\Lpb.php(71): view('laporan/tabelda...', Array)
#4 C:\xampp\htdocs\simidisko\system\CodeIgniter.php(832): App\Controllers\Lpb->listdata()
#5 C:\xampp\htdocs\simidisko\system\CodeIgniter.php(419): CodeIgniter\CodeIgniter->runController(Object(App\Controllers\Lpb))
#6 C:\xampp\htdocs\simidisko\system\CodeIgniter.php(326): CodeIgniter\CodeIgniter->handleRequest(NULL, Object(Config\Cache), false)
#7 C:\xampp\htdocs\simidisko\public\index.php(37): CodeIgniter\CodeIgniter->run()
#8 C:\xampp\htdocs\simidisko\system\Commands\Server\rewrite.php(43): require_once('C:\\xampp\\htdocs...')
#9 {main}
CRITICAL - 2022-05-30 23:41:35 --> Call to undefined method App\Models\Modelkembalibarang::getResult
#0 C:\xampp\htdocs\simidisko\app\Controllers\Lpb.php(67): CodeIgniter\Model->__call('getResult', Array)
#1 C:\xampp\htdocs\simidisko\system\CodeIgniter.php(832): App\Controllers\Lpb->listdata()
#2 C:\xampp\htdocs\simidisko\system\CodeIgniter.php(419): CodeIgniter\CodeIgniter->runController(Object(App\Controllers\Lpb))
#3 C:\xampp\htdocs\simidisko\system\CodeIgniter.php(326): CodeIgniter\CodeIgniter->handleRequest(NULL, Object(Config\Cache), false)
#4 C:\xampp\htdocs\simidisko\public\index.php(37): CodeIgniter\CodeIgniter->run()
#5 C:\xampp\htdocs\simidisko\system\Commands\Server\rewrite.php(43): require_once('C:\\xampp\\htdocs...')
#6 {main}
