CRITICAL - 2022-06-07 22:24:01 --> Undefined property: stdClass::$brggambar
#0 C:\xampp\htdocs\simidisko\app\Controllers\Barang.php(38): CodeIgniter\Debug\Exceptions->errorHandler(8, 'Undefined prope...', 'C:\\xampp\\htdocs...', 38, Array)
#1 C:\xampp\htdocs\simidisko\vendor\hermawan\codeigniter4-datatables\src\DataTableQuery.php(91): App\Controllers\Barang->App\Controllers\{closure}(Object(stdClass))
#2 C:\xampp\htdocs\simidisko\vendor\hermawan\codeigniter4-datatables\src\DataTable.php(176): Hermawan\DataTables\DataTableQuery->getDataResult()
#3 C:\xampp\htdocs\simidisko\app\Controllers\Barang.php(55): Hermawan\DataTables\DataTable->toJson()
#4 C:\xampp\htdocs\simidisko\system\CodeIgniter.php(832): App\Controllers\Barang->listtabeldata()
#5 C:\xampp\htdocs\simidisko\system\CodeIgniter.php(419): CodeIgniter\CodeIgniter->runController(Object(App\Controllers\Barang))
#6 C:\xampp\htdocs\simidisko\system\CodeIgniter.php(326): CodeIgniter\CodeIgniter->handleRequest(NULL, Object(Config\Cache), false)
#7 C:\xampp\htdocs\simidisko\public\index.php(37): CodeIgniter\CodeIgniter->run()
#8 {main}
CRITICAL - 2022-06-07 22:26:18 --> Undefined property: stdClass::$brggambar
#0 C:\xampp\htdocs\simidisko\app\Controllers\Barang.php(38): CodeIgniter\Debug\Exceptions->errorHandler(8, 'Undefined prope...', 'C:\\xampp\\htdocs...', 38, Array)
#1 C:\xampp\htdocs\simidisko\vendor\hermawan\codeigniter4-datatables\src\DataTableQuery.php(91): App\Controllers\Barang->App\Controllers\{closure}(Object(stdClass))
#2 C:\xampp\htdocs\simidisko\vendor\hermawan\codeigniter4-datatables\src\DataTable.php(176): Hermawan\DataTables\DataTableQuery->getDataResult()
#3 C:\xampp\htdocs\simidisko\app\Controllers\Barang.php(55): Hermawan\DataTables\DataTable->toJson()
#4 C:\xampp\htdocs\simidisko\system\CodeIgniter.php(832): App\Controllers\Barang->listtabeldata()
#5 C:\xampp\htdocs\simidisko\system\CodeIgniter.php(419): CodeIgniter\CodeIgniter->runController(Object(App\Controllers\Barang))
#6 C:\xampp\htdocs\simidisko\system\CodeIgniter.php(326): CodeIgniter\CodeIgniter->handleRequest(NULL, Object(Config\Cache), false)
#7 C:\xampp\htdocs\simidisko\public\index.php(37): CodeIgniter\CodeIgniter->run()
#8 {main}
